iteracao 0
00021100000
02112111002
22220112210
02021122021
02210001101
01012011221
11210101210
12112122102
22010010211
22021001012
22002221001
22221221122
11120001212
02110111100
10022211111
00122202120
01121022112
21110200010
11210010210
20100020021
01022200222
10112101000
10202200022
02122222002
22202211012
20022112112
21022220001
02220212211
01221100021
21201100120
20210001122
20112100222
11112001120
20010222122
12022122012
02202122011
12100211201
21210022022
12012202110
20101210211
02110202221
00121100200
02202222111
21221011110
21012011212
11002112100
00120212020
20010120010
12121101101
iteracao 1
00102201000
02220222102
02000220021
00002200002
02020002202
02020112002
22020202021
20220200200
20020020022
00002102020
00010002002
00002202200
22200002022
00221222200
20000022222
10202010200
12202000220
02220001020
22021020020
00210020002
12000210222
10220212000
20000210000
00220200102
02202022020
20002220220
22002000002
10021022222
12002201102
02002100200
21020002200
00220200000
22120012200
00020200202
22020202020
10200200022
20211022002
02021000000
20020000220
20202021022
00220012202
01202200000
00000000221
02002022220
02020022020
22010220210
10200020100
20020200021
20202202101
iteracao 2
00200002100
02220020212
00000000002
00000000002
00000112000
00000222002
00000012022
00000000000
00000020000
00000200000
00021000000
00002000000
00000000000
00022200000
20000122000
21000020000
20000011200
02020002000
00002020000
00221120000
20000021000
21000020000
20000020000
00000201200
00000002020
00000000000
22002000000
21022020020
20000012200
10002211000
22000000000
01020200000
02220022000
00020200000
22000000000
20211200000
20222100000
00002100000
00020000200
00000002000
00200020200
02200200000
00000000022
00000000020
00020000020
22020000020
20200000201
20000001102
00000002202
iteracao 3
00000002210
00000000022
00000000002
00000110000
00000222000
00000000000
00000022000
00000000000
00000000000
00000200000
00022000000
00002000000
00000000000
00002200000
20000220000
22000101000
20000022200
00000010000
00000120000
00022200000
20001102000
22000020000
20000020000
00000002200
00000002000
00000000000
22000000000
22000020000
01000120200
20000022000
00000011000
02000000000
02200000000
00000000000
00011000000
00222000000
00200210000
00000210000
00000000000
00000000000
00000000000
00000000000
00000000000
00000000000
00000000000
00000000020
00000001012
00000002212
00000000000
iteracao 4
00000000220
00000000022
00000110000
00000220000
00000002000
00000000000
00000000000
00000000000
00000000000
00000000000
00000000000
00000000000
00000000000
00000000000
00000200000
00000212000
00000100200
00000120000
00000200000
00020010000
00002200000
00001120000
00000000000
00000000000
00000000000
00000000000
00000000000
22000020000
02000220000
20000100000
00000022000
00000011000
00000000000
00011000000
00022000000
00200100000
00000021000
00000021000
00000000000
00000000000
00000000000
00000000000
00000000000
00000000000
00000000000
00000000120
00000002020
00000002020
00000000000
iteracao 5
00000000000
00000110000
00000220000
00000000000
00000000000
00000000000
00000000000
00000000000
00000000000
00000000000
00000000000
00000000000
00000000000
00000000000
00000200000
00000022000
00001200000
00001200000
00000010000
00000020000
00000010000
00002220000
00001100000
00000000000
00000000000
00000000000
00000000000
00000000000
00000220000
00000200000
00000100000
00000022000
00011111000
00022000000
00000100000
00000210000
00000002100
00000002100
00000000000
00000000000
00000000000
00000000000
00000000000
00000000000
00000000000
00000000220
00000002020
00000000000
00000000000
iteracao 6
00000110000
00000220000
00000000000
00000000000
00000000000
00000000000
00000000000
00000000000
00000000000
00000000000
00000000000
00000000000
00000000000
00000000000
00000000000
00000000000
00012000000
00012000000
00000120000
00000101000
00000020000
00000000000
00002200000
00001100000
00000000000
00000000000
00000000000
00000000000
00000000000
00000200000
00000200000
00010000000
00022222000
00000001000
00000210000
00000021000
00000000210
00000000210
00000000000
00000000000
00000000000
00000000000
00000000000
00000000000
00000000000
00000000000
00000000000
00000000000
00000000000
iteracao 7
00000220000
00000000000
00000000000
00000000000
00000000000
00000000000
00000000000
00000000000
00000000000
00000000000
00000000000
00000000000
00000000000
00000000000
00000000000
00000000000
00120000000
00120000000
00000200000
00001202000
00000000000
00000000000
00000000000
00002200000
00001100000
00000000000
00000000000
00000000000
00000000000
00000000000
00000000000
00020000000
00022022000
00000012000
00000220100
00000002100
00000000021
00000000021
00000000000
00000000000
00000000000
00000000000
00000000000
00000000000
00000000000
00000000000
00000000000
00000000000
00000000000
iteracao 8
00000000000
00000000000
00000000000
00000000000
00000000000
00000000000
00000000000
00000000000
00000000000
00000000000
00000000000
00000000000
00000000000
00000000000
00000000000
00000000000
01200000000
01200000000
00010200000
00002200000
00000000000
00000000000
00000000000
00000000000
00002200000
00001100000
00000000000
00000000000
00000000000
00000000000
00000000000
00000000000
00000022000
00000020000
00000220210
00000000200
00000000002
00000000002
00000000000
00000000000
00000000000
00000000000
00000000000
00000000000
00000000000
00000000000
00000000000
00000000000
00000000000
iteracao 9
00000000000
00000000000
00000000000
00000000000
00000000000
00000000000
00000000000
00000000000
00000000000
00000000000
00000000000
00000000000
00000000000
00000000000
00000000000
00000000000
12000000000
12000000000
00120000000
00002000000
00000000000
00000000000
00000000000
00000000000
00000000000
00002200000
00001100000
00000000000
00000000000
00000000000
00000000000
00000000000
00000000000
00000000000
00000000220
00000000200
00000000000
00000000000
00000000000
00000000000
00000000000
00000000000
00000000000
00000000000
00000000000
00000000000
00000000000
00000000000
00000000000
iteracao 10
00000000000
00000000000
00000000000
00000000000
00000000000
00000000000
00000000000
00000000000
00000000000
00000000000
00000000000
00000000000
00000000000
00000000000
00000000000
00000000000
20000000000
20000000000
01220000000
00000000000
00000000000
00000000000
00000000000
00000000000
00000000000
00000000000
00002200000
00001100000
00000000000
00000000000
00000000000
00000000000
00000000000
00000000000
00000000000
00000000000
00000000000
00000000000
00000000000
00000000000
00000000000
00000000000
00000000000
00000000000
00000000000
00000000000
00000000000
00000000000
00000000000
iteracao 11
00000000000
00000000000
00000000000
00000000000
00000000000
00000000000
00000000000
00000000000
00000000000
00000000000
00000000000
00000000000
00000000000
00000000000
00000000000
00000000000
00000000000
20000000000
02200000000
00000000000
00000000000
00000000000
00000000000
00000000000
00000000000
00000000000
00000000000
00002200000
00001100000
00000000000
00000000000
00000000000
00000000000
00000000000
00000000000
00000000000
00000000000
00000000000
00000000000
00000000000
00000000000
00000000000
00000000000
00000000000
00000000000
00000000000
00000000000
00000000000
00000000000
iteracao 12
00000000000
00000000000
00000000000
00000000000
00000000000
00000000000
00000000000
00000000000
00000000000
00000000000
00000000000
00000000000
00000000000
00000000000
00000000000
00000000000
00000000000
00000000000
00000000000
00000000000
00000000000
00000000000
00000000000
00000000000
00000000000
00000000000
00000000000
00000000000
00002200000
00001100000
00000000000
00000000000
00000000000
00000000000
00000000000
00000000000
00000000000
00000000000
00000000000
00000000000
00000000000
00000000000
00000000000
00000000000
00000000000
00000000000
00000000000
00000000000
00000000000
iteracao 13
00000000000
00000000000
00000000000
00000000000
00000000000
00000000000
00000000000
00000000000
00000000000
00000000000
00000000000
00000000000
00000000000
00000000000
00000000000
00000000000
00000000000
00000000000
00000000000
00000000000
00000000000
00000000000
00000000000
00000000000
00000000000
00000000000
00000000000
00000000000
00000000000
00002200000
00001100000
00000000000
00000000000
00000000000
00000000000
00000000000
00000000000
00000000000
00000000000
00000000000
00000000000
00000000000
00000000000
00000000000
00000000000
00000000000
00000000000
00000000000
00000000000
iteracao 14
00000000000
00000000000
00000000000
00000000000
00000000000
00000000000
00000000000
00000000000
00000000000
00000000000
00000000000
00000000000
00000000000
00000000000
00000000000
00000000000
00000000000
00000000000
00000000000
00000000000
00000000000
00000000000
00000000000
00000000000
00000000000
00000000000
00000000000
00000000000
00000000000
00000000000
00002200000
00001100000
00000000000
00000000000
00000000000
00000000000
00000000000
00000000000
00000000000
00000000000
00000000000
00000000000
00000000000
00000000000
00000000000
00000000000
00000000000
00000000000
00000000000
iteracao 15
00000000000
00000000000
00000000000
00000000000
00000000000
00000000000
00000000000
00000000000
00000000000
00000000000
00000000000
00000000000
00000000000
00000000000
00000000000
00000000000
00000000000
00000000000
00000000000
00000000000
00000000000
00000000000
00000000000
00000000000
00000000000
00000000000
00000000000
00000000000
00000000000
00000000000
00000000000
00002200000
00001100000
00000000000
00000000000
00000000000
00000000000
00000000000
00000000000
00000000000
00000000000
00000000000
00000000000
00000000000
00000000000
00000000000
00000000000
00000000000
00000000000
iteracao 16
00000000000
00000000000
00000000000
00000000000
00000000000
00000000000
00000000000
00000000000
00000000000
00000000000
00000000000
00000000000
00000000000
00000000000
00000000000
00000000000
00000000000
00000000000
00000000000
00000000000
00000000000
00000000000
00000000000
00000000000
00000000000
00000000000
00000000000
00000000000
00000000000
00000000000
00000000000
00000000000
00002200000
00001100000
00000000000
00000000000
00000000000
00000000000
00000000000
00000000000
00000000000
00000000000
00000000000
00000000000
00000000000
00000000000
00000000000
00000000000
00000000000
iteracao 17
00000000000
00000000000
00000000000
00000000000
00000000000
00000000000
00000000000
00000000000
00000000000
00000000000
00000000000
00000000000
00000000000
00000000000
00000000000
00000000000
00000000000
00000000000
00000000000
00000000000
00000000000
00000000000
00000000000
00000000000
00000000000
00000000000
00000000000
00000000000
00000000000
00000000000
00000000000
00000000000
00000000000
00002200000
00001100000
00000000000
00000000000
00000000000
00000000000
00000000000
00000000000
00000000000
00000000000
00000000000
00000000000
00000000000
00000000000
00000000000
00000000000
iteracao 18
00000000000
00000000000
00000000000
00000000000
00000000000
00000000000
00000000000
00000000000
00000000000
00000000000
00000000000
00000000000
00000000000
00000000000
00000000000
00000000000
00000000000
00000000000
00000000000
00000000000
00000000000
00000000000
00000000000
00000000000
00000000000
00000000000
00000000000
00000000000
00000000000
00000000000
00000000000
00000000000
00000000000
00000000000
00002200000
00001100000
00000000000
00000000000
00000000000
00000000000
00000000000
00000000000
00000000000
00000000000
00000000000
00000000000
00000000000
00000000000
00000000000
