iteracao 0
10220221002020212211000102002
11110102021102122222110212222
00110001021002120212201202012
01102100202101111020111011011
10120010220210212122122222110
12200012201202020002202220201
iteracao 1
10001202000120022222011212000
12220200102200202000220022222
00120102002000201020002000020
11200201200202222000222022022
20200021021020020220200000220
20200120002002021002200000001
iteracao 2
21002202000220000000022022000
20201000202200002000201122000
00220210100000002000000000000
22000202000200022000000000000
01200002122000020200000000020
00000200002000022000000000002
iteracao 3
22002200000000000000020120000
20202101200000000000002220000
00020021200000000000001100000
22000200110000000000000000000
02200002220000000000000000000
00000000000000000000000000000
iteracao 4
00002210000000000000000220000
00002202000000000000000000000
00000002010000000000002200000
00000001220000000000001100000
00000002000000000000000000000
00000000000000000000000000000
iteracao 5
00000220000000000000000000000
00000202000000000000000000000
00000002120000000000000000000
00000002020000000000002200000
00000002000000000000001100000
00000000000000000000000000000
iteracao 6
00000000000000000000000000000
00000002000000000000000000000
00000002220000000000000000000
00000002020000000000000000000
00000000000000000000002200000
00000000000000000000001100000
iteracao 7
00000000000000000000000000000
00000000000000000000000000000
00000000000000000000000000000
00000000000000000000000000000
00000000000000000000000000000
00000000000000000000002200000
iteracao 8
00000000000000000000000000000
00000000000000000000000000000
00000000000000000000000000000
00000000000000000000000000000
00000000000000000000000000000
00000000000000000000000000000
iteracao 9
00000000000000000000000000000
00000000000000000000000000000
00000000000000000000000000000
00000000000000000000000000000
00000000000000000000000000000
00000000000000000000000000000
iteracao 10
00000000000000000000000000000
00000000000000000000000000000
00000000000000000000000000000
00000000000000000000000000000
00000000000000000000000000000
00000000000000000000000000000
iteracao 11
00000000000000000000000000000
00000000000000000000000000000
00000000000000000000000000000
00000000000000000000000000000
00000000000000000000000000000
00000000000000000000000000000
iteracao 12
00000000000000000000000000000
00000000000000000000000000000
00000000000000000000000000000
00000000000000000000000000000
00000000000000000000000000000
00000000000000000000000000000
iteracao 13
00000000000000000000000000000
00000000000000000000000000000
00000000000000000000000000000
00000000000000000000000000000
00000000000000000000000000000
00000000000000000000000000000
iteracao 14
00000000000000000000000000000
00000000000000000000000000000
00000000000000000000000000000
00000000000000000000000000000
00000000000000000000000000000
00000000000000000000000000000
iteracao 15
00000000000000000000000000000
00000000000000000000000000000
00000000000000000000000000000
00000000000000000000000000000
00000000000000000000000000000
00000000000000000000000000000
