iteracao 0
220212
200010
101020
120021
012010
200100
221222
102221
211112
202022
121001
121001
201012
011001
011221
222100
202222
221201
211012
111010
iteracao 1
000020
210021
202101
201102
120121
210210
202002
200002
022220
000000
202112
202002
002020
122002
122002
200210
000002
202012
022020
221021
iteracao 2
000020
221002
210202
212200
200202
021021
202002
000000
000000
000110
002222
002112
000000
200000
200002
200220
000110
000022
022101
022022
iteracao 3
000000
202000
020200
020000
211202
022022
002002
000000
000110
000220
000000
002222
000110
000000
000000
000000
000220
001000
002212
002002
iteracao 4
000000
000000
000000
001000
222200
000000
000000
000110
000220
000000
000000
002002
000220
000110
000000
000000
000200
002100
002022
000002
iteracao 5
000000
000000
000000
002000
022200
000000
000110
000220
000000
000000
000000
000000
000000
000220
000110
000000
000200
002200
002020
000000
iteracao 6
000000
000000
000000
000000
000000
000110
000220
000000
000000
000000
000000
000000
000000
000000
000220
000110
000000
000000
000000
000000
