iteracao 0
1001002121201
0212010000101
2221021220212
1121111002000
1020210211222
1220021000022
0220112202000
1021222121120
2022211110001
0020120212112
1102111011200
1220102021102
2010011012121
1112111002220
0022100202121
1122222010021
1020022112221
2110012022120
2010020122101
1100121211121
0021122120212
1020202020110
0112121122201
0221200111011
2201220002002
0200012102212
0211200222211
2120002221101
1012122022100
0111101102110
0110020221012
0021212020011
0012201011101
iteracao 1
2112100202001
0020020111202
0002002000020
2202222010100
2001020022200
2000002111000
1021220010100
2022000202200
2020022220002
1121200020220
2200222022000
2000200002202
0020022020202
2220212000001
0000201000202
1222222020002
2000020220202
0221020000201
0010100200202
2200202022202
0002200200020
1000000000220
1220202200001
0002010222122
0012020000000
0200020200020
0022001200022
0200100022201
2020200100201
0122202210221
1220000002020
0002020100022
0020012122101
iteracao 2
2220200000002
0101020222202
0000002000120
0002200021200
0002000000000
2011102222100
2022200020200
2022000200200
0100000000000
2202200000000
0010200000000
0000000000000
0000022000002
0000220000002
0000212000002
2200022000000
2000000000002
0202120000002
0020200000002
0201200000000
0000000000000
2100000000020
2000202000012
0102020002202
0022020000000
0200020200000
0002012200022
0000211120012
2020200210002
1220002020002
2020000112020
0000020210002
0000020202212
iteracao 3
2200200000000
0212000002200
0010000001220
0000000022000
0010100001100
0022200002200
0000000000200
2020000000000
0200000000000
2012000000000
0020000000000
0000000000000
0000000000000
0000220000000
0000222000000
0000022000000
0000000000000
0002220000000
0021000000000
0002200000000
0010000000000
2200000000020
0110000000022
0200000000202
0020000000000
0000020000000
0000120000022
0000022200022
2000210020002
2200002001000
2000000220000
0000000021002
0000000202222
iteracao 4
0200000000000
0020000002200
0121000002200
0110000000000
0021200002200
0020200000000
0000000000000
0000000000000
0200000000000
0022000000000
0020000000000
0000000000000
0000000000000
0000000000000
0000000000000
0000000000000
0000000000000
0002200000000
0022000000000
0010200000000
0020000000000
2001000000000
0220000000000
0010000000000
0000000000000
0000020000000
0000220000000
0000102000000
0000220020000
0000002002000
0000000001100
0000000022000
0000000002200
iteracao 5
0000000000000
0000000000000
1202000000000
1220100000000
0102200000000
0020200000000
0000000000000
0000000000000
0000000000000
0000000000000
0000000000000
0000000000000
0000000000000
0000000000000
0000000000000
0000000000000
0000000000000
0000000000000
0022000000000
0020000000000
0001000000000
0002000000000
0201000000000
0020000000000
0000000000000
0000000000000
0000220000000
0000200000000
0000220000000
0000000000100
0000000002200
0000000020100
0000000000000
iteracao 6
0000000000000
0000000000000
2002000000000
2020200000000
1202200000000
0020000000000
0000000000000
0000000000000
0000000000000
0000000000000
0000000000000
0000000000000
0000000000000
0000000000000
0000000000000
0000000000000
0000000000000
0000000000000
0000000000000
0020000000000
0002000000000
0010100000000
0002000000000
0020000000000
0000000000000
0000000000000
0000000000000
0000000000000
0000000000000
0000000000200
0000000000010
0000000000200
0000000000000
iteracao 7
0000000000000
0000000000000
0000000000000
2000000000000
2200000000000
0000000000000
0000000000000
0000000000000
0000000000000
0000000000000
0000000000000
0000000000000
0000000000000
0000000000000
0000000000000
0000000000000
0000000000000
0000000000000
0000000000000
0000000000000
0000000000000
0021200000000
0000000000000
0000000000000
0000000000000
0000000000000
0000000000000
0000000000000
0000000000000
0000000000200
0000000000020
0000000000200
0000000000000
iteracao 8
0000000000000
0000000000000
0000000000000
0000000000000
0000000000000
0000000000000
0000000000000
0000000000000
0000000000000
0000000000000
0000000000000
0000000000000
0000000000000
0000000000000
0000000000000
0000000000000
0000000000000
0000000000000
0000000000000
0000000000000
0000000000000
0022200000000
0000000000000
0000000000000
0000000000000
0000000000000
0000000000000
0000000000000
0000000000000
0000000000000
0000000000000
0000000000000
0000000000000
iteracao 9
0000000000000
0000000000000
0000000000000
0000000000000
0000000000000
0000000000000
0000000000000
0000000000000
0000000000000
0000000000000
0000000000000
0000000000000
0000000000000
0000000000000
0000000000000
0000000000000
0000000000000
0000000000000
0000000000000
0000000000000
0000000000000
0000000000000
0000000000000
0000000000000
0000000000000
0000000000000
0000000000000
0000000000000
0000000000000
0000000000000
0000000000000
0000000000000
0000000000000
iteracao 10
0000000000000
0000000000000
0000000000000
0000000000000
0000000000000
0000000000000
0000000000000
0000000000000
0000000000000
0000000000000
0000000000000
0000000000000
0000000000000
0000000000000
0000000000000
0000000000000
0000000000000
0000000000000
0000000000000
0000000000000
0000000000000
0000000000000
0000000000000
0000000000000
0000000000000
0000000000000
0000000000000
0000000000000
0000000000000
0000000000000
0000000000000
0000000000000
0000000000000
iteracao 11
0000000000000
0000000000000
0000000000000
0000000000000
0000000000000
0000000000000
0000000000000
0000000000000
0000000000000
0000000000000
0000000000000
0000000000000
0000000000000
0000000000000
0000000000000
0000000000000
0000000000000
0000000000000
0000000000000
0000000000000
0000000000000
0000000000000
0000000000000
0000000000000
0000000000000
0000000000000
0000000000000
0000000000000
0000000000000
0000000000000
0000000000000
0000000000000
0000000000000
iteracao 12
0000000000000
0000000000000
0000000000000
0000000000000
0000000000000
0000000000000
0000000000000
0000000000000
0000000000000
0000000000000
0000000000000
0000000000000
0000000000000
0000000000000
0000000000000
0000000000000
0000000000000
0000000000000
0000000000000
0000000000000
0000000000000
0000000000000
0000000000000
0000000000000
0000000000000
0000000000000
0000000000000
0000000000000
0000000000000
0000000000000
0000000000000
0000000000000
0000000000000
iteracao 13
0000000000000
0000000000000
0000000000000
0000000000000
0000000000000
0000000000000
0000000000000
0000000000000
0000000000000
0000000000000
0000000000000
0000000000000
0000000000000
0000000000000
0000000000000
0000000000000
0000000000000
0000000000000
0000000000000
0000000000000
0000000000000
0000000000000
0000000000000
0000000000000
0000000000000
0000000000000
0000000000000
0000000000000
0000000000000
0000000000000
0000000000000
0000000000000
0000000000000
iteracao 14
0000000000000
0000000000000
0000000000000
0000000000000
0000000000000
0000000000000
0000000000000
0000000000000
0000000000000
0000000000000
0000000000000
0000000000000
0000000000000
0000000000000
0000000000000
0000000000000
0000000000000
0000000000000
0000000000000
0000000000000
0000000000000
0000000000000
0000000000000
0000000000000
0000000000000
0000000000000
0000000000000
0000000000000
0000000000000
0000000000000
0000000000000
0000000000000
0000000000000
iteracao 15
0000000000000
0000000000000
0000000000000
0000000000000
0000000000000
0000000000000
0000000000000
0000000000000
0000000000000
0000000000000
0000000000000
0000000000000
0000000000000
0000000000000
0000000000000
0000000000000
0000000000000
0000000000000
0000000000000
0000000000000
0000000000000
0000000000000
0000000000000
0000000000000
0000000000000
0000000000000
0000000000000
0000000000000
0000000000000
0000000000000
0000000000000
0000000000000
0000000000000
