iteracao 0
02102200101200
20202021110201
11202111022101
02212121110020
11000102112200
12110210222122
20212202202200
21020122212110
22010010210000
01020220101101
00120121202010
21221202200200
01212202120122
10221221020022
20102201222012
22010011022010
21101201122111
00100002112100
11122220011012
10110222021222
02101201212222
21102111102121
21020000001000
20112220102110
22010222211120
00101121220211
22110222020010
10111010202220
12220101212202
12000201102221
21122210102011
20220210122110
20021111022000
11100221111022
10202212001022
12110100000101
20011210101102
iteracao 1
02200000102200
00002102220001
22000222000202
00020202220000
22000200220200
20220021000220
00020012200000
22000202020220
00021121020001
02001000202201
10201202010021
02002010000010
02020000220220
20002202020102
21200002000120
20021122022020
22202002200211
00200000220200
11202000022022
20221222002022
10202002020002
02200222200202
02001100002001
21220000200220
00020000022200
01202202000022
20210000000120
20222021002220
20000202022002
20100002202202
02220020202022
21001020202210
00102222000010
22211002222100
20000020001002
20220200000202
21012021111102
iteracao 2
00000000200000
00002202220002
00000220000002
00000000000000
00000000200000
00000002000000
00000020200000
00001000000020
00002202000012
02002010002002
20012002020002
02002120000021
00000000000000
20000000001210
22201100001200
20022220002101
00000100000222
11200000000211
22202000000000
00222200000000
20002000000000
02001020000002
02002200000002
22221100000020
11100000000000
02002000000020
20020000000220
00222022002220
00000002000000
00200000000000
00000000000022
22112000000021
01200000000021
02022000020210
00011000002100
20020001000000
22122022112200
iteracao 3
00000000000000
00000000000000
00000000000000
00000000000000
00000000000000
00000000000000
00000000000000
00002000000020
00002002000022
00002020000002
00020112000002
00000220000022
00000000000111
00001100012020
00002200012001
00020000000212
11000200000000
22200000000222
00200000000011
00000000000000
00002000000000
00002000000000
00010000000000
00002200000000
22211100000000
10100000000000
00000000000000
00000000000000
00000000000000
00000000000000
00110000000022
20222000000002
02010000000002
02100000000021
00022000002210
00101002011000
02220020222000
iteracao 4
00000000000000
00000000000000
00000000000000
00000000000000
00000000000000
00000000000000
00000000000000
00000000000000
00000000000000
00002100000000
00000222000000
00000000000100
00001100001222
00002200120100
00000000120012
11000000000220
22000000000000
00200000000200
00000000000022
00000000000011
00000000000000
00002000000000
00020000000000
00100000000000
20022200000000
21200100000000
01000000000000
00000000000000
00000000000000
00110000000000
00220000000000
00000000000000
02120000000002
02210000000002
01102000010021
00212000022100
02200000200000
iteracao 5
00000000000000
00000000000000
00000000000000
00000000000000
00000000000000
00000000000000
00000000000000
00000000000000
00000000000000
00002200000000
00000220000000
00001100001200
00002200012000
00000001201210
11000001200122
22000000000220
00000000000000
00000000000000
00000000000000
00000000000022
00000000000011
00000000000000
00020000000000
00200000000000
21122200000000
02000200000000
12100000000000
00000000000000
00110000000000
00220000000000
00000000000000
00000000000000
02200000000000
00020000000002
02200000021002
01022000020210
00200000000000
iteracao 6
00000000000000
00000000000000
00000000000000
00000000000000
00000000000000
00000000000000
00000000000000
00000000000000
00000000000000
00000000000000
00001020000000
00002200012200
00000010120000
11000012012020
22000012001202
00000000000220
00000000000000
00000000000000
00000000000000
00000000000000
00000000000022
00000000000011
00000000000000
01000000000000
22220000000000
10010000000000
20200000000000
00000000000000
00220000000000
00000000000000
00000000000000
00000000000000
00000000000000
00000000000000
02200000022102
02000000020020
00200000000000
iteracao 7
00000000000000
00000000000000
00000000000000
00000000000000
00000000000000
00000000000000
00000000000000
00000000000000
00000000000000
00000000000000
00002000000000
00002001122000
11000120201000
22000020120000
00000120012200
00000000000200
00000000000000
00000000000000
00000000000000
00000000000000
00000000000000
00000000000022
00000000000011
02000000000000
00020000000000
20020000000000
20200000000000
00000000000000
00000000000000
00000000000000
00000000000000
00000000000000
00000000000000
00000000000000
00000000002200
00000000000020
00000000000000
iteracao 8
00000000000000
00000000000000
00000000000000
00000000000000
00000000000000
00000000000000
00000000000000
00000000000000
00000000000000
00000000000000
00000001100000
11002012202000
22000200002000
00001100201000
00000220122000
00000000000000
00000000000000
00000000000000
00000000000000
00000000000000
00000000000000
00000000000000
00000000000022
00000000000011
00000000000000
00000000000000
00000000000000
00000000000000
00000000000000
00000000000000
00000000000000
00000000000000
00000000000000
00000000000000
00000000000000
00000000000000
00000000000000
iteracao 9
00000000000000
00000000000000
00000000000000
00000000000000
00000000000000
00000000000000
00000000000000
00000000000000
00000000000000
00000001100000
11000012200000
22000020000000
00001010002000
00002200212000
00001020202000
00000000000000
00000000000000
00000000000000
00000000000000
00000000000000
00000000000000
00000000000000
00000000000000
00000000000022
00000000000011
00000000000000
00000000000000
00000000000000
00000000000000
00000000000000
00000000000000
00000000000000
00000000000000
00000000000000
00000000000000
00000000000000
00000000000000
iteracao 10
00000000000000
00000000000000
00000000000000
00000000000000
00000000000000
00000000000000
00000000000000
00000000000000
00000001100000
11000012200000
22000020000000
00000001000000
00002120002000
00010000222000
00002000202000
00000000000000
00000000000000
00000000000000
00000000000000
00000000000000
00000000000000
00000000000000
00000000000000
00000000000000
00000000000022
00000000000011
00000000000000
00000000000000
00000000000000
00000000000000
00000000000000
00000000000000
00000000000000
00000000000000
00000000000000
00000000000000
00000000000000
iteracao 11
00000000000000
00000000000000
00000000000000
00000000000000
00000000000000
00000000000000
00000000000000
00000001100000
11000012200000
22000020000000
00000001000000
00000012000000
00000200000000
00021000000000
00002000000000
00000000000000
00000000000000
00000000000000
00000000000000
00000000000000
00000000000000
00000000000000
00000000000000
00000000000000
00000000000000
00000000000022
00000000000011
00000000000000
00000000000000
00000000000000
00000000000000
00000000000000
00000000000000
00000000000000
00000000000000
00000000000000
00000000000000
iteracao 12
00000000000000
00000000000000
00000000000000
00000000000000
00000000000000
00000000000000
00000001100000
11000012200000
22000020000000
00000001000000
00000012000000
00000020000000
00000000000000
00022000000000
00002000000000
00000000000000
00000000000000
00000000000000
00000000000000
00000000000000
00000000000000
00000000000000
00000000000000
00000000000000
00000000000000
00000000000000
00000000000022
00000000000011
00000000000000
00000000000000
00000000000000
00000000000000
00000000000000
00000000000000
00000000000000
00000000000000
00000000000000
iteracao 13
00000000000000
00000000000000
00000000000000
00000000000000
00000000000000
00000001100000
11000012200000
22000020000000
00000001000000
00000012000000
00000020000000
00000020000000
00000000000000
00000000000000
00000000000000
00000000000000
00000000000000
00000000000000
00000000000000
00000000000000
00000000000000
00000000000000
00000000000000
00000000000000
00000000000000
00000000000000
00000000000000
00000000000022
00000000000011
00000000000000
00000000000000
00000000000000
00000000000000
00000000000000
00000000000000
00000000000000
00000000000000
iteracao 14
00000000000000
00000000000000
00000000000000
00000000000000
00000001100000
11000012200000
22000020000000
00000001000000
00000012000000
00000020000000
00000020000000
00000000000000
00000000000000
00000000000000
00000000000000
00000000000000
00000000000000
00000000000000
00000000000000
00000000000000
00000000000000
00000000000000
00000000000000
00000000000000
00000000000000
00000000000000
00000000000000
00000000000000
00000000000022
00000000000011
00000000000000
00000000000000
00000000000000
00000000000000
00000000000000
00000000000000
00000000000000
iteracao 15
00000000000000
00000000000000
00000000000000
00000001100000
11000012200000
22000020000000
00000001000000
00000012000000
00000020000000
00000020000000
00000000000000
00000000000000
00000000000000
00000000000000
00000000000000
00000000000000
00000000000000
00000000000000
00000000000000
00000000000000
00000000000000
00000000000000
00000000000000
00000000000000
00000000000000
00000000000000
00000000000000
00000000000000
00000000000000
00000000000022
00000000000011
00000000000000
00000000000000
00000000000000
00000000000000
00000000000000
00000000000000
iteracao 16
00000000000000
00000000000000
00000001100000
11000012200000
22000020000000
00000001000000
00000012000000
00000020000000
00000020000000
00000000000000
00000000000000
00000000000000
00000000000000
00000000000000
00000000000000
00000000000000
00000000000000
00000000000000
00000000000000
00000000000000
00000000000000
00000000000000
00000000000000
00000000000000
00000000000000
00000000000000
00000000000000
00000000000000
00000000000000
00000000000000
00000000000022
00000000000011
00000000000000
00000000000000
00000000000000
00000000000000
00000000000000
iteracao 17
00000000000000
00000001100000
11000012200000
22000020000000
00000001000000
00000012000000
00000020000000
00000020000000
00000000000000
00000000000000
00000000000000
00000000000000
00000000000000
00000000000000
00000000000000
00000000000000
00000000000000
00000000000000
00000000000000
00000000000000
00000000000000
00000000000000
00000000000000
00000000000000
00000000000000
00000000000000
00000000000000
00000000000000
00000000000000
00000000000000
00000000000000
00000000000022
00000000000011
00000000000000
00000000000000
00000000000000
00000000000000
iteracao 18
00000001100000
11000012200000
22000020000000
00000001000000
00000012000000
00000020000000
00000020000000
00000000000000
00000000000000
00000000000000
00000000000000
00000000000000
00000000000000
00000000000000
00000000000000
00000000000000
00000000000000
00000000000000
00000000000000
00000000000000
00000000000000
00000000000000
00000000000000
00000000000000
00000000000000
00000000000000
00000000000000
00000000000000
00000000000000
00000000000000
00000000000000
00000000000000
00000000000022
00000000000011
00000000000000
00000000000000
00000000000000
iteracao 19
11000012200000
22000020000000
00000001000000
00000012000000
00000020000000
00000020000000
00000000000000
00000000000000
00000000000000
00000000000000
00000000000000
00000000000000
00000000000000
00000000000000
00000000000000
00000000000000
00000000000000
00000000000000
00000000000000
00000000000000
00000000000000
00000000000000
00000000000000
00000000000000
00000000000000
00000000000000
00000000000000
00000000000000
00000000000000
00000000000000
00000000000000
00000000000000
00000000000000
00000000000022
00000000000011
00000000000000
00000000000000
iteracao 20
22000022000000
00000001000000
00000012000000
00000020000000
00000020000000
00000000000000
00000000000000
00000000000000
00000000000000
00000000000000
00000000000000
00000000000000
00000000000000
00000000000000
00000000000000
00000000000000
00000000000000
00000000000000
00000000000000
00000000000000
00000000000000
00000000000000
00000000000000
00000000000000
00000000000000
00000000000000
00000000000000
00000000000000
00000000000000
00000000000000
00000000000000
00000000000000
00000000000000
00000000000000
00000000000022
00000000000011
00000000000000
