iteracao 0
12012
12002
12000
02201
20202
20110
11122
21020
00021
02112
10112
02022
01112
00210
iteracao 1
20022
20002
20000
02002
00000
00220
22202
02000
01002
00220
20220
10000
02220
01021
iteracao 2
00000
00000
00000
00000
00000
00000
00000
02000
02000
00200
20000
20000
10220
02022
iteracao 3
00000
00000
00000
00000
00000
00000
00000
00000
00000
00000
00000
20000
20000
02000
iteracao 4
00000
00000
00000
00000
00000
00000
00000
00000
00000
00000
00000
00000
00000
00000
iteracao 5
00000
00000
00000
00000
00000
00000
00000
00000
00000
00000
00000
00000
00000
00000
iteracao 6
00000
00000
00000
00000
00000
00000
00000
00000
00000
00000
00000
00000
00000
00000
iteracao 7
00000
00000
00000
00000
00000
00000
00000
00000
00000
00000
00000
00000
00000
00000
iteracao 8
00000
00000
00000
00000
00000
00000
00000
00000
00000
00000
00000
00000
00000
00000
iteracao 9
00000
00000
00000
00000
00000
00000
00000
00000
00000
00000
00000
00000
00000
00000
iteracao 10
00000
00000
00000
00000
00000
00000
00000
00000
00000
00000
00000
00000
00000
00000
