iteracao 0
022121
010000
112221
121012
120100
110021
010021
001111
120101
022021
211001
011101
iteracao 1
020202
020001
220002
202020
200201
220002
010002
102222
200202
100102
022002
121101
iteracao 2
000002
000002
000002
000020
000002
220002
120000
212000
010200
200200
100002
202212
iteracao 3
000000
000000
000000
000000
000000
220000
200000
020000
121000
010000
200002
200222
iteracao 4
000000
000000
000000
000000
000000
000000
000000
000000
202000
121000
200000
000000
iteracao 5
000000
000000
000000
000000
000000
000000
000000
000000
212000
202000
210000
000000
iteracao 6
000000
000000
000000
000000
000000
000000
000000
000000
222000
010000
220000
000000
iteracao 7
000000
000000
000000
000000
000000
000000
000000
000000
222000
020000
220000
000000
iteracao 8
000000
000000
000000
000000
000000
000000
000000
000000
000000
000000
000000
000000
iteracao 9
000000
000000
000000
000000
000000
000000
000000
000000
000000
000000
000000
000000
iteracao 10
000000
000000
000000
000000
000000
000000
000000
000000
000000
000000
000000
000000
iteracao 11
000000
000000
000000
000000
000000
000000
000000
000000
000000
000000
000000
000000
iteracao 12
000000
000000
000000
000000
000000
000000
000000
000000
000000
000000
000000
000000
iteracao 13
000000
000000
000000
000000
000000
000000
000000
000000
000000
000000
000000
000000
iteracao 14
000000
000000
000000
000000
000000
000000
000000
000000
000000
000000
000000
000000
iteracao 15
000000
000000
000000
000000
000000
000000
000000
000000
000000
000000
000000
000000
iteracao 16
000000
000000
000000
000000
000000
000000
000000
000000
000000
000000
000000
000000
