iteracao 0
102011
022101
111201
211102
102212
000112
101001
201001
111010
020002
210121
200002
121101
221212
001121
100122
101222
120100
010022
020212
010100
111100
110000
012112
212002
211222
220100
002012
212010
020222
200020
021002
101122
iteracao 1
202111
000201
222002
022200
200020
101220
201002
001001
222021
000000
221202
000000
202202
202020
002202
100202
202000
200200
121102
100022
020200
111110
120000
020222
020012
022020
200210
000020
222121
020222
000000
002000
202220
iteracao 2
002221
000002
000002
000000
210000
202000
202002
012112
022002
000000
022200
000000
000000
000000
000000
200000
200000
211000
202200
201120
000010
222220
200010
020222
000022
000101
000220
000101
002202
000202
000000
000000
000000
iteracao 3
000022
000002
000000
000000
220000
202000
200112
020222
020112
000000
000000
000000
000000
000000
000000
000000
211000
222000
200000
002200
001020
000001
000020
000222
000002
000212
001001
000212
002212
000000
000000
000000
000000
iteracao 4
000000
000000
000000
000000
000000
002110
000222
001000
000222
000110
000000
000000
000000
000000
000000
011000
222000
200000
000000
002200
002020
000002
000020
000000
000002
000020
002002
000020
000020
000000
000000
000000
000000
iteracao 5
000000
000000
000000
000000
000110
002220
001002
002000
001002
000220
000110
000000
000000
000000
011000
022000
200000
000000
000000
000000
000000
000000
000000
000000
000000
000000
000000
000000
000000
000000
000000
000000
000000
iteracao 6
000000
000000
000000
000110
000220
000000
002000
010100
002000
001000
000220
000110
000000
011000
022000
000000
000000
000000
000000
000000
000000
000000
000000
000000
000000
000000
000000
000000
000000
000000
000000
000000
000000
iteracao 7
000000
000000
000110
000220
000000
000000
000000
021200
010100
002000
001000
000220
010010
022000
000000
000000
000000
000000
000000
000000
000000
000000
000000
000000
000000
000000
000000
000000
000000
000000
000000
000000
000000
iteracao 8
000000
000110
000220
000000
000000
000000
000000
002000
020200
010100
002000
011020
020020
022000
000000
000000
000000
000000
000000
000000
000000
000000
000000
000000
000000
000000
000000
000000
000000
000000
000000
000000
000000
iteracao 9
000110
000220
000000
000000
000000
000000
000000
000000
021200
021200
100100
022000
001000
000000
000000
000000
000000
000000
000000
000000
000000
000000
000000
000000
000000
000000
000000
000000
000000
000000
000000
000000
000000
iteracao 10
000220
000000
000000
000000
000000
000000
000000
000000
002000
002000
211200
000100
002000
000000
000000
000000
000000
000000
000000
000000
000000
000000
000000
000000
000000
000000
000000
000000
000000
000000
000000
000000
000000
iteracao 11
000000
000000
000000
000000
000000
000000
000000
000000
000000
010000
222000
010200
002000
000000
000000
000000
000000
000000
000000
000000
000000
000000
000000
000000
000000
000000
000000
000000
000000
000000
000000
000000
000000
iteracao 12
000000
000000
000000
000000
000000
000000
000000
000000
000000
020000
000000
020000
002000
000000
000000
000000
000000
000000
000000
000000
000000
000000
000000
000000
000000
000000
000000
000000
000000
000000
000000
000000
000000
iteracao 13
000000
000000
000000
000000
000000
000000
000000
000000
000000
000000
000000
000000
000000
000000
000000
000000
000000
000000
000000
000000
000000
000000
000000
000000
000000
000000
000000
000000
000000
000000
000000
000000
000000
