iteracao 0
02010102221112212102112220022201020121211122011
00200121110111221021021221112101112111010211120
11012012120021011110120222110120011122122222002
02122001112001012202101102002211122201201110212
10102202100022020121200122102221102221120012122
02002111111112120021100021111201202101011021001
10000020020022212101000102200202112100011111121
01221102212120120222000222201110200120021210120
00020012100121100022212200022020201211021010020
22210122122211100100022011221100212000110120101
11212211022100212001222122210101211111102200122
00101000211220202120002210210022122100121121000
12220122011020220211121122222020010211012001100
12021020221210101202201200110122122220002120120
20000211121210222220222101121001011120220021222
01201011021200222011210020100221010121122011110
12220021022201210001100012222122021000021110122
11010021212211010200021201202011010120200222121
11120020002001002121201221021102012222202212201
11201022102110201111110021001110021200102201112
02011021110122010022100200221012100020122210222
10000210220111221022112220012112000222220211112
20000210211000021202112021200102201101000220120
11102100121220001110112100210122100021210111222
22211001222122121020012112210002002001011010020
10101112202120110012201202210220020102120222011
21221010201220012222202212222101100001021212210
22201022201111012212021120022022221021021212121
10201101202001001121200212202120120020101202022
iteracao 1
00020200002120020210220221000201000202022200022
11010202220222002002002222220202220222020022201
22020120200102022220200000220200022200200000012
00202012222012020000202210000022200002002220022
20212000200000001202000200200002212202200020200
10002222222220200102201102222212000202022002002
21000000000000020202000210000000220200022222202
12222210020200201202101220002221000201102020200
00100020200202200020222211000000212022002020100
00020200200022201210120122002200020000220200202
22020022000200020102202200020202022211200000202
00202001022020200200010020020000200200202202010
20200220122021201022202200000021021022020002210
20022000002020212010002000220200200001100200200
01011022202020202001000212202102022201020102002
12202022002011022022021100201002020202200022220
20001102000002021002201120022200002001102220200
22020002022222020200002002000022020220001000202
12201021010002010202002002002200020022200220002
22002120200221012222221002102120102201210002220
00122002220200120000201000002020210001200020000
20011020000222002100220020120220011000020022222
00100020022001002010220002010200212202001000200
22200200202020002220220201020202211102020222020
00022002000200202000020222020002002002022020101
20202120200201220122212000020201120200200000122
02002021012000020000010022220212211102002020020
00202000212222020020022201000100002002002020202
20011212200001012202201022002220200021202000002
iteracao 2
11120000002220000220000022000002000000000000022
22121200001000000002000022200002200000000000212
00121200000212000000000000000000000000000000020
00200122002122020000000220000000200000000000022
20222000000000002000001010000002222000000000000
21102000000000001200002212000222000000000000000
02000000000000021002000020000011200001120000000
20020220000000002202212000000022100002200000200
01200020000000011020000022000000022020100000200
00020000000000002021220200000000020011200000200
00000022000000021210010200000000000222200000202
00000002120020201000020000000000200011200000121
00000021220022012122202000000022022020120000021
20100000000020020121000000000210200012200200200
12122000000001002012001022000200000012020200000
20000020000022022022002200002100000010000020000
20002200000010022000012200022200000002212200000
22000012122000001200000100000000000021112000000
22002102120002021000002002002200020022011200000
20010200000022020000002102202220212012020000000
00200100000001201000012101112020020012000000000
01022000000020102210020000200000022000020000000
00201000000002002120000000020000020000002000000
02200000000020000220000002120000022200020202000
00002000000000202000020022000000000100000001202
00002200000002200220020000000212200000000001202
00002002020000000000121022200020022200000000020
00210111020022120000000202000210010112000000000
00022022200002122000002022002220000022200000000
iteracao 3
22200000002200000000000000000000000000000000022
00202000002100000000000000000000000000000000222
01202000001022000000000000000000000000000000020
00211220002202000000000020000000000000000000000
21022000000000002000002021000000000000000000000
22200000000000012000002020000200000001100000000
00100000000000002100000020000022000002220000000
20000000000000000000222000000000200000010000000
02200000000000022020100000000000020000200000000
00000000000000000002020000000000000022000000000
00000002000000002021120000000000000000000000212
00000000220000202010020000000000000022000000202
00000022020000020202200000000022000100220000002
20210000000020120202000000000220000120200000000
20200000000002002120002000000010000020000000000
21000000000000000022010200002200000121000000000
00000201000020022000020200002200000010020000000
00000120200000012000001200000000000022220000000
00000210200000002100000110000000020000022200000
00020010000022001100000200012000222120001000000
00001200000002012100020202222000020120000000000
02020100000021210020021011010000000000000000000
00202000000002002200000000020000000000000000000
00000000000000000220000002220000002200000002000
00000000000000000000000002000000000200000012000
00000000000000000000000000000222000000000012000
00000100000000000000202000000101020010000000000
00221222000000200000010200000220021222000000000
00020100200000200000000000000220001102000000000
iteracao 4
00000000002200000000000000000000000000000000000
00200000000200000000000000000000000000000000000
02010000002120000000000000000000000000000000000
11022200002200000000000020000000000000000000000
22100000000000002000000022000000000001100000000
20000000000000020000000020000000000002200000000
00200000000000000200000000000000000000000000000
00000000000000000000220000000000000000020000000
00000000000000000000200000000000000000200000000
00000000000000000000000000000000000000000000000
00000000000000000002220000000000000000000000222
00000000000000000020120000000000000020000000202
00000000000000020202000000000000001210000000000
00220000000000220200000000000220001200000000000
20000000000002002220002000000020001100000000000
22000000000000000020020000000200000202000000000
00000212000000022000001200000000000121000000000
00000201200000020000002010000000000022000000000
00000021000000010210001220000000000000022200000
00020021000000012200000010022000000200002000000
00002010000002020210020010000000001200000000000
00021200000022020020022122120000000000000000000
00002000000002102000000111120000000000000000000
00000000000000000000000000000000000000000002000
00000000000000000000000000000000000000000120000
00000000000000000000000000000202000000000120000
00001200000000000000202000000212020120000000000
00022000000000000000020000000200002002000000000
00021200000000000000000000000000012200000000000
iteracao 5
00000000000000000000000000000000000000000000000
00200000000200000000000000000000000000000000000
10120000002220000000000000000000000000000000000
22002000002200000000000000000000000001100000000
00200000000000000000000000000000000002200000000
00000000000000000000000000000000000000000000000
00000000000000000000000000000000000000000000000
00000000000000000000000000000000000000000000000
00000000000000000000000000000000000000000000000
00000000000000000000000000000000000000000000000
00000000000000000002220000000000000000000000000
00000000000000000000220000000000000120000000000
00000000000000000002000000000000012020000000000
00000000000000000000000000000000002010000000000
00000000000000000000000000000000012200000000000
00000000000000000000020000000000000002000000000
00000220000000000000002000000000000202000000000
00000202000000020000010020000000000002000000000
00000002000000121220002001000000000000000000000
00000002100000120011000021000000000200000000000
00002121000000020220000020000000002200000000000
00022000000002020020000200200000000000000000000
00002000000002200000001222200000000000000000000
00000000000000000000000100100000000000000000000
00000000000000000000000000000000000000001200000
00000000000000000000000000000202000000001200000
00002200000000000000000000000222000220000000000
00000100000000000000000000000200000000000000000
00022200000000000000000000000000022000000000000
iteracao 6
00000000000000000000000000000000000000000000000
01200000000000000000000000000000000000000000000
21220000000000000000000000000000000001100000000
20000000000000000000000000000000000002200000000
00000000000000000000000000000000000000000000000
00000000000000000000000000000000000000000000000
00000000000000000000000000000000000000000000000
00000000000000000000000000000000000000000000000
00000000000000000000000000000000000000000000000
00000000000000000000000000000000000000000000000
00000000000000000000000000000000000000000000000
00000000000000000000000000000000001220000000000
00000000000000000000000000000000020100000000000
00000000000000000000000000000000110020000000000
00000000000000000000000000000000022200000000000
00000000000000000000000000000000000000000000000
00000000000000000000002000000000000000000000000
00000000000000000000020020000000000000000000000
00000002000001202001102012100000000000000000000
00000010200001200122000002100000000000000000000
00002202100000020201000020000000000000000000000
00002010000000000000000200000000000000000000000
00000000000000000000002022200000000000000000000
00000000000000000000001200200000000000000000000
00000000000000000000000000000000000000012000000
00000000000000000000000000000000000000012000000
00002200000000000000000000000000000000000000000
00000200000000000000000000000000000000000000000
00002200000000000000000000000000000000000000000
iteracao 7
00000000000000000000000000000000000000000000000
12000000000000000000000000000000000001100000000
02000000000000000000000000000000000002200000000
20000000000000000000000000000000000000000000000
00000000000000000000000000000000000000000000000
00000000000000000000000000000000000000000000000
00000000000000000000000000000000000000000000000
00000000000000000000000000000000000000000000000
00000000000000000000000000000000000000000000000
00000000000000000000000000000000000000000000000
00000000000000000000000000000000000000000000000
00000000000000000000000000000000002020000000000
00000000000000000000000000000000100200000000000
00000000000000000000000000000000221020000000000
00000000000000000000000000000000102000000000000
00000000000000000000000000000000000000000000000
00000000000000000000000000000000000000000000000
00000000000000000001120021000000000000000000000
00000002000012002012200020210000000000000000000
00000021200012000200000000210000000000000000000
00000010200000000212000000000000000000000000000
00000021000000000000000000000000000000000000000
00000000000000000000002000000000000000000000000
00000000000000000000002200000000000000000000000
00000000000000000000000000000000000000120000000
00000000000000000000000000000000000000120000000
00000000000000000000000000000000000000000000000
00000000000000000000000000000000000000000000000
00000000000000000000000000000000000000000000000
iteracao 8
00000000000000000000000000000000000001100000000
22000000000000000000000000000000000002200000000
02000000000000000000000000000000000000000000000
00000000000000000000000000000000000000000000000
00000000000000000000000000000000000000000000000
00000000000000000000000000000000000000000000000
00000000000000000000000000000000000000000000000
00000000000000000000000000000000000000000000000
00000000000000000000000000000000000000000000000
00000000000000000000000000000000000000000000000
00000000000000000000000000000000000000000000000
00000000000000000000000000000000000000000000000
00000000000000000000000000000000210200000000000
00000000000000000000000000000001002000000000000
00000000000000000000000000000000212000000000000
00000000000000000000000000000000000000000000000
00000000000000000001100000000000000000000000000
00000000000000000012220022100000000000000000000
00000002000120000020000020021000000000000000000
00000002200120000011000000021000000000000000000
00000020000000000222000000000000000000000000000
00000002000000000000000000000000000000000000000
00000000000000000000000000000000000000000000000
00000000000000000000000000000000000000000000000
00000000000000000000000000000000000001200000000
00000000000000000000000000000000000001200000000
00000000000000000000000000000000000000000000000
00000000000000000000000000000000000000000000000
00000000000000000000000000000000000000000000000
iteracao 9
00000000000000000000000000000000000002200000000
00000000000000000000000000000000000000000000000
00000000000000000000000000000000000000000000000
00000000000000000000000000000000000000000000000
00000000000000000000000000000000000000000000000
00000000000000000000000000000000000000000000000
00000000000000000000000000000000000000000000000
00000000000000000000000000000000000000000000000
00000000000000000000000000000000000000000000000
00000000000000000000000000000000000000000000000
00000000000000000000000000000000000000000000000
00000000000000000000000000000000000000000000000
00000000000000000000000000000000020000000000000
00000000000000000000000000000002010000000000000
00000000000000000000000000000000022000000000000
00000000000000000001100000000000000000000000000
00000000000000000012200000000000000000000000000
00000000000000000020020002210000000000000000000
00000000001200000100000000002100000000000000000
00000000001200000022000000002100000000000000000
00000000000000000200000000000000000000000000000
00000000000000000000000000000000000000000000000
00000000000000000000000000000000000000000000000
00000000000000000000000000000000000000000000000
00000000000000000000000000000000000012000000000
00000000000000000000000000000000000012000000000
00000000000000000000000000000000000000000000000
00000000000000000000000000000000000000000000000
00000000000000000000000000000000000000000000000
iteracao 10
00000000000000000000000000000000000000000000000
00000000000000000000000000000000000000000000000
00000000000000000000000000000000000000000000000
00000000000000000000000000000000000000000000000
00000000000000000000000000000000000000000000000
00000000000000000000000000000000000000000000000
00000000000000000000000000000000000000000000000
00000000000000000000000000000000000000000000000
00000000000000000000000000000000000000000000000
00000000000000000000000000000000000000000000000
00000000000000000000000000000000000000000000000
00000000000000000000000000000000000000000000000
00000000000000000000000000000000020000000000000
00000000000000000000000000000000020000000000000
00000000000000000001100000000000022000000000000
00000000000000000012200000000000000000000000000
00000000000000000020000000000000000000000000000
00000000000000000100000000221000000000000000000
00000000012000000200000000000210000000000000000
00000000012000000020000000000210000000000000000
00000000000000000000000000000000000000000000000
00000000000000000000000000000000000000000000000
00000000000000000000000000000000000000000000000
00000000000000000000000000000000000000000000000
00000000000000000000000000000000000120000000000
00000000000000000000000000000000000120000000000
00000000000000000000000000000000000000000000000
00000000000000000000000000000000000000000000000
00000000000000000000000000000000000000000000000
iteracao 11
00000000000000000000000000000000000000000000000
00000000000000000000000000000000000000000000000
00000000000000000000000000000000000000000000000
00000000000000000000000000000000000000000000000
00000000000000000000000000000000000000000000000
00000000000000000000000000000000000000000000000
00000000000000000000000000000000000000000000000
00000000000000000000000000000000000000000000000
00000000000000000000000000000000000000000000000
00000000000000000000000000000000000000000000000
00000000000000000000000000000000000000000000000
00000000000000000000000000000000000000000000000
00000000000000000000000000000000000000000000000
00000000000000000001100000000000000000000000000
00000000000000000012200000000000000000000000000
00000000000000000020000000000000000000000000000
00000000000000000100000000000000000000000000000
00000000000000000200000000022100000000000000000
00000000120000000200000000000021000000000000000
00000000120000000000000000000021000000000000000
00000000000000000000000000000000000000000000000
00000000000000000000000000000000000000000000000
00000000000000000000000000000000000000000000000
00000000000000000000000000000000000000000000000
00000000000000000000000000000000001200000000000
00000000000000000000000000000000001200000000000
00000000000000000000000000000000000000000000000
00000000000000000000000000000000000000000000000
00000000000000000000000000000000000000000000000
iteracao 12
00000000000000000000000000000000000000000000000
00000000000000000000000000000000000000000000000
00000000000000000000000000000000000000000000000
00000000000000000000000000000000000000000000000
00000000000000000000000000000000000000000000000
00000000000000000000000000000000000000000000000
00000000000000000000000000000000000000000000000
00000000000000000000000000000000000000000000000
00000000000000000000000000000000000000000000000
00000000000000000000000000000000000000000000000
00000000000000000000000000000000000000000000000
00000000000000000000000000000000000000000000000
00000000000000000001100000000000000000000000000
00000000000000000012200000000000000000000000000
00000000000000000020000000000000000000000000000
00000000000000000100000000000000000000000000000
00000000000000000200000000000000000000000000000
00000000000000000200000000002210000000000000000
00000001200000000000000000000002100000000000000
00000001200000000000000000000002100000000000000
00000000000000000000000000000000000000000000000
00000000000000000000000000000000000000000000000
00000000000000000000000000000000000000000000000
00000000000000000000000000000000000000000000000
00000000000000000000000000000000012000000000000
00000000000000000000000000000000012000000000000
00000000000000000000000000000000000000000000000
00000000000000000000000000000000000000000000000
00000000000000000000000000000000000000000000000
iteracao 13
00000000000000000000000000000000000000000000000
00000000000000000000000000000000000000000000000
00000000000000000000000000000000000000000000000
00000000000000000000000000000000000000000000000
00000000000000000000000000000000000000000000000
00000000000000000000000000000000000000000000000
00000000000000000000000000000000000000000000000
00000000000000000000000000000000000000000000000
00000000000000000000000000000000000000000000000
00000000000000000000000000000000000000000000000
00000000000000000000000000000000000000000000000
00000000000000000001100000000000000000000000000
00000000000000000012200000000000000000000000000
00000000000000000020000000000000000000000000000
00000000000000000100000000000000000000000000000
00000000000000000200000000000000000000000000000
00000000000000000200000000000000000000000000000
00000000000000000000000000000221000000000000000
00000012000000000000000000000000210000000000000
00000012000000000000000000000000210000000000000
00000000000000000000000000000000000000000000000
00000000000000000000000000000000000000000000000
00000000000000000000000000000000000000000000000
00000000000000000000000000000000000000000000000
00000000000000000000000000000000120000000000000
00000000000000000000000000000000120000000000000
00000000000000000000000000000000000000000000000
00000000000000000000000000000000000000000000000
00000000000000000000000000000000000000000000000
iteracao 14
00000000000000000000000000000000000000000000000
00000000000000000000000000000000000000000000000
00000000000000000000000000000000000000000000000
00000000000000000000000000000000000000000000000
00000000000000000000000000000000000000000000000
00000000000000000000000000000000000000000000000
00000000000000000000000000000000000000000000000
00000000000000000000000000000000000000000000000
00000000000000000000000000000000000000000000000
00000000000000000000000000000000000000000000000
00000000000000000001100000000000000000000000000
00000000000000000012200000000000000000000000000
00000000000000000020000000000000000000000000000
00000000000000000100000000000000000000000000000
00000000000000000200000000000000000000000000000
00000000000000000200000000000000000000000000000
00000000000000000000000000000000000000000000000
00000000000000000000000000000022100000000000000
00000120000000000000000000000000021000000000000
00000120000000000000000000000000021000000000000
00000000000000000000000000000000000000000000000
00000000000000000000000000000000000000000000000
00000000000000000000000000000000000000000000000
00000000000000000000000000000000000000000000000
00000000000000000000000000000001200000000000000
00000000000000000000000000000001200000000000000
00000000000000000000000000000000000000000000000
00000000000000000000000000000000000000000000000
00000000000000000000000000000000000000000000000
iteracao 15
00000000000000000000000000000000000000000000000
00000000000000000000000000000000000000000000000
00000000000000000000000000000000000000000000000
00000000000000000000000000000000000000000000000
00000000000000000000000000000000000000000000000
00000000000000000000000000000000000000000000000
00000000000000000000000000000000000000000000000
00000000000000000000000000000000000000000000000
00000000000000000000000000000000000000000000000
00000000000000000001100000000000000000000000000
00000000000000000012200000000000000000000000000
00000000000000000020000000000000000000000000000
00000000000000000100000000000000000000000000000
00000000000000000200000000000000000000000000000
00000000000000000200000000000000000000000000000
00000000000000000000000000000000000000000000000
00000000000000000000000000000000000000000000000
00000000000000000000000000000002210000000000000
00001200000000000000000000000000002100000000000
00001200000000000000000000000000002100000000000
00000000000000000000000000000000000000000000000
00000000000000000000000000000000000000000000000
00000000000000000000000000000000000000000000000
00000000000000000000000000000000000000000000000
00000000000000000000000000000012000000000000000
00000000000000000000000000000012000000000000000
00000000000000000000000000000000000000000000000
00000000000000000000000000000000000000000000000
00000000000000000000000000000000000000000000000
iteracao 16
00000000000000000000000000000000000000000000000
00000000000000000000000000000000000000000000000
00000000000000000000000000000000000000000000000
00000000000000000000000000000000000000000000000
00000000000000000000000000000000000000000000000
00000000000000000000000000000000000000000000000
00000000000000000000000000000000000000000000000
00000000000000000000000000000000000000000000000
00000000000000000001100000000000000000000000000
00000000000000000012200000000000000000000000000
00000000000000000020000000000000000000000000000
00000000000000000100000000000000000000000000000
00000000000000000200000000000000000000000000000
00000000000000000200000000000000000000000000000
00000000000000000000000000000000000000000000000
00000000000000000000000000000000000000000000000
00000000000000000000000000000000000000000000000
00000000000000000000000000000000221000000000000
00012000000000000000000000000000000210000000000
00012000000000000000000000000000000210000000000
00000000000000000000000000000000000000000000000
00000000000000000000000000000000000000000000000
00000000000000000000000000000000000000000000000
00000000000000000000000000000000000000000000000
00000000000000000000000000000120000000000000000
00000000000000000000000000000120000000000000000
00000000000000000000000000000000000000000000000
00000000000000000000000000000000000000000000000
00000000000000000000000000000000000000000000000
iteracao 17
00000000000000000000000000000000000000000000000
00000000000000000000000000000000000000000000000
00000000000000000000000000000000000000000000000
00000000000000000000000000000000000000000000000
00000000000000000000000000000000000000000000000
00000000000000000000000000000000000000000000000
00000000000000000000000000000000000000000000000
00000000000000000001100000000000000000000000000
00000000000000000012200000000000000000000000000
00000000000000000020000000000000000000000000000
00000000000000000100000000000000000000000000000
00000000000000000200000000000000000000000000000
00000000000000000200000000000000000000000000000
00000000000000000000000000000000000000000000000
00000000000000000000000000000000000000000000000
00000000000000000000000000000000000000000000000
00000000000000000000000000000000000000000000000
00000000000000000000000000000000022100000000000
00120000000000000000000000000000000021000000000
00120000000000000000000000000000000021000000000
00000000000000000000000000000000000000000000000
00000000000000000000000000000000000000000000000
00000000000000000000000000000000000000000000000
00000000000000000000000000000000000000000000000
00000000000000000000000000001200000000000000000
00000000000000000000000000001200000000000000000
00000000000000000000000000000000000000000000000
00000000000000000000000000000000000000000000000
00000000000000000000000000000000000000000000000
iteracao 18
00000000000000000000000000000000000000000000000
00000000000000000000000000000000000000000000000
00000000000000000000000000000000000000000000000
00000000000000000000000000000000000000000000000
00000000000000000000000000000000000000000000000
00000000000000000000000000000000000000000000000
00000000000000000001100000000000000000000000000
00000000000000000012200000000000000000000000000
00000000000000000020000000000000000000000000000
00000000000000000100000000000000000000000000000
00000000000000000200000000000000000000000000000
00000000000000000200000000000000000000000000000
00000000000000000000000000000000000000000000000
00000000000000000000000000000000000000000000000
00000000000000000000000000000000000000000000000
00000000000000000000000000000000000000000000000
00000000000000000000000000000000000000000000000
00000000000000000000000000000000002210000000000
01200000000000000000000000000000000002100000000
01200000000000000000000000000000000002100000000
00000000000000000000000000000000000000000000000
00000000000000000000000000000000000000000000000
00000000000000000000000000000000000000000000000
00000000000000000000000000000000000000000000000
00000000000000000000000000012000000000000000000
00000000000000000000000000012000000000000000000
00000000000000000000000000000000000000000000000
00000000000000000000000000000000000000000000000
00000000000000000000000000000000000000000000000
iteracao 19
00000000000000000000000000000000000000000000000
00000000000000000000000000000000000000000000000
00000000000000000000000000000000000000000000000
00000000000000000000000000000000000000000000000
00000000000000000000000000000000000000000000000
00000000000000000001100000000000000000000000000
00000000000000000012200000000000000000000000000
00000000000000000020000000000000000000000000000
00000000000000000100000000000000000000000000000
00000000000000000200000000000000000000000000000
00000000000000000200000000000000000000000000000
00000000000000000000000000000000000000000000000
00000000000000000000000000000000000000000000000
00000000000000000000000000000000000000000000000
00000000000000000000000000000000000000000000000
00000000000000000000000000000000000000000000000
00000000000000000000000000000000000000000000000
00000000000000000000000000000000000221000000000
12000000000000000000000000000000000000210000000
12000000000000000000000000000000000000210000000
00000000000000000000000000000000000000000000000
00000000000000000000000000000000000000000000000
00000000000000000000000000000000000000000000000
00000000000000000000000000000000000000000000000
00000000000000000000000000120000000000000000000
00000000000000000000000000120000000000000000000
00000000000000000000000000000000000000000000000
00000000000000000000000000000000000000000000000
00000000000000000000000000000000000000000000000
iteracao 20
00000000000000000000000000000000000000000000000
00000000000000000000000000000000000000000000000
00000000000000000000000000000000000000000000000
00000000000000000000000000000000000000000000000
00000000000000000001100000000000000000000000000
00000000000000000012200000000000000000000000000
00000000000000000020000000000000000000000000000
00000000000000000100000000000000000000000000000
00000000000000000200000000000000000000000000000
00000000000000000200000000000000000000000000000
00000000000000000000000000000000000000000000000
00000000000000000000000000000000000000000000000
00000000000000000000000000000000000000000000000
00000000000000000000000000000000000000000000000
00000000000000000000000000000000000000000000000
00000000000000000000000000000000000000000000000
00000000000000000000000000000000000000000000000
00000000000000000000000000000000000022100000000
20000000000000000000000000000000000000021000000
20000000000000000000000000000000000000021000000
00000000000000000000000000000000000000000000000
00000000000000000000000000000000000000000000000
00000000000000000000000000000000000000000000000
00000000000000000000000000000000000000000000000
00000000000000000000000001200000000000000000000
00000000000000000000000001200000000000000000000
00000000000000000000000000000000000000000000000
00000000000000000000000000000000000000000000000
00000000000000000000000000000000000000000000000
