iteracao 0
102010
210010
120001
201102
122122
200220
110110
211221
100201
001001
102201
210002
111020
122011
100210
iteracao 1
212111
020110
200002
002202
200200
000000
220221
022002
200002
102001
200212
020002
222101
200022
210020
iteracao 2
220211
020220
000112
000000
000000
000000
000022
000002
200002
200012
200220
000100
002212
201002
220000
iteracao 3
000222
000000
000222
000110
000000
000000
000000
000000
000002
000022
000000
000210
000022
002102
020000
iteracao 4
000000
000000
000002
000220
000110
000000
000000
000000
000000
000000
000000
000220
000102
002200
000000
iteracao 5
000000
000000
000000
000000
000220
000110
000000
000000
000000
000000
000000
000220
000200
002200
000000
iteracao 6
000000
000000
000000
000000
000000
000220
000110
000000
000000
000000
000000
000000
000000
000000
000000
iteracao 7
000000
000000
000000
000000
000000
000000
000220
000110
000000
000000
000000
000000
000000
000000
000000
iteracao 8
000000
000000
000000
000000
000000
000000
000000
000220
000110
000000
000000
000000
000000
000000
000000
iteracao 9
000000
000000
000000
000000
000000
000000
000000
000000
000220
000110
000000
000000
000000
000000
000000
iteracao 10
000000
000000
000000
000000
000000
000000
000000
000000
000000
000220
000110
000000
000000
000000
000000
iteracao 11
000000
000000
000000
000000
000000
000000
000000
000000
000000
000000
000220
000110
000000
000000
000000
iteracao 12
000000
000000
000000
000000
000000
000000
000000
000000
000000
000000
000000
000220
000110
000000
000000
iteracao 13
000000
000000
000000
000000
000000
000000
000000
000000
000000
000000
000000
000000
000220
000110
000000
iteracao 14
000000
000000
000000
000000
000000
000000
000000
000000
000000
000000
000000
000000
000000
000220
000110
iteracao 15
000000
000000
000000
000000
000000
000000
000000
000000
000000
000000
000000
000000
000000
000000
000220
