iteracao 0
1002222102122112111100110120010020210110101
0222112122220202122210102211012002111101012
2202102212122202120121020110012121120201122
0020110001012210121221020212101212121221101
0011000111221210001121221112010202102021101
0212210200121000011202222222012021220001020
0012211212110200022102200000102021211100021
1022121010111102012021100211202011000112221
0120021022222121121020200022120122122012012
2101002211102010002202221201111112110122111
2002101211212102100211221211202200112221020
2001221200100200222021221201100211112021121
0210220022000012221220021201001022202020010
1200000102220120201110020112121102222222022
0220022212200221201011122110100112101012022
2002001020000201210110111110011020021010200
2211102111011210201110220211210200100222212
0212212101200201012112111012220000000102112
0012002111120110100111211220122020011220102
0212122210012101200211111102021102210002220
0121101201221122210222201001112010221000110
2020012112002212100212102122022220202002221
1212112101102202101011011021102001000101111
1222202010121022000211110022112210012001101
0020120201202111221202022220022102220012100
0020011200022120220021220221001022222022220
2020022021211202102111020122012212211010202
2202112021002111101102000200001002010221100
2101212020102111000001012021200122020002112
2020202001021221210210021112210202100222010
2012022011212210100201102222021002120010121
1110202212212220220122222012100100201101012
2121012110110210001221221200001002112101112
2021212221001002012111122121212000112122220
0001121220220010100110211210012120222001201
2222002110201122212210222002201221100220020
1110100212002211100212121221012101212011111
iteracao 1
2002000212222220222210121201021000020110102
0200220200000010200020200022020010222201020
0000200020202200201202020220020202200002200
0000221002020020202002020020202020202202202
0122000222002020102202022220020010202002202
0020020000202000022002220000020002000102001
0020022020220000100210000010212002022101002
1000202020222200020102200222012122000220202
0201102000000202202021010100200200200020020
0202100022210020002010202002222220220200222
2000202022020210200222002022000000220202000
0012002010211011202102002002210022220002202
0021221122000122002001002002002000012021021
2000000212000201202220100220202200202022022
0200020022000202001011200220200220202020000
0010112000111002020110222220022000102021200
0022200222022020002220000022020200211000020
0020020202000002020220222020000000100200220
0020110222200220210222022001200120122021202
0020200020020202011022222210002212020100000
0202202002002200020000002002220020202000221
0000020220010020201020200200002201200110002
2020220202202000202022022102202012101202222
2020000120202000101022220020220021120102201
0000201012010222222000002021000212220020200
0000122211000200001002000202112002200000220
0000000002022000200222100202120022022120000
2210220002000222202200001210112012120002200
2212020000210222000002120002010222100000220
2101002002002002020220002220020000210220020
0020000122020020211002210000102100201020202
2220000020020000201200002120200101002201020
0202020220220020012002002000002100220202220
2002020002002010120222200202020101220200001
0012202001200021200220022021020200000012202
0000000221002200020020000010002002210200000
2221200020000022210020202222120202022022222
iteracao 2
0000000222000220000221202202022100000220200
0000000200000020000121210022020120002002120
0000000000000200002200000000000202000002200
0000022000000000212000000000000020000000000
0220000200000000200000000000000020002000002
0020000000000001100002000000020002001202002
0000000000000000200020000020020000000202002
2001000000000000020200001002120220000200200
0202210000000000002102121200201200000000000
0000210000220020000021000000000000000000000
0001200022100020200002000000000000000000000
0020000020222022202212000000220000220002202
0002222200010200102012100000002000022022022
0000001022000212202000200000000000202022022
0201100020101202002022000000000000200020000
0021222000222000021220200000000000200022200
0020010002100000002000000000000001022000000
0000100000000000020000000020000001201200200
0000220000000000020200000012200200202002200
0000010000000000122000000221002020020210000
0000000000002000000100000002000001200000022
0000000000020000002000000200000212011220002
0000000200202000200100002200000020202002022
0000001200202000212000000000200102201200002
0000212020120002200100000022010220020020000
0000202022100000002002000000222002000000000
0001000010000000000202210000201020022220000
0021000000000000000001102020220020200000000
2020000000220000000002200100021220200000000
2202002000002000001200112000101000021200000
0000000220000000222100221000200200012020200
0000000020000000002000000220200202002202000
0000000000000021120000002000000201000002220
0002000002000020200000000002001202200200002
0022000012000002000000000002000210100022002
0011000002100000120000000020100000220200000
0022200020000000220000000220220000022000000
iteracao 3
0000000000000000000202002000000210000000200
0000000000000000000202020000001200000002220
0000000000000000000210100000000200000002200
0000000000000000222000000000000000000000000
0000000000000001010000000000000000002000000
0000000000000002200000000000000000002200000
0000000000000001000000000000020000000200000
0002100000000000000200002102200200000000000
0002021000000000002210202000212200000000000
0000021000220000000002110000000000000000000
0002000002200000000010000000000000000000000
0020000000002002200020000000000000000000000
0000022200020201200120200000000000000000000
0001112002101020200001200000000000000000000
0012210000212002002000000000000000000000000
0002002001002000022200000000000000200000000
0021020002200000002000000000000012122000000
0000210000000000000000000020000012002200000
0000000000000000020000000020200000202102000
0000020000000000222000000202000020000220000
0000000000000000000200000002000012011100000
0000000000000000000110000000000220122200000
0000000200000000201200000000000100200100000
0000012200200000220110000000201200002200000
0000220001200000201200000000021220020000000
0000002020210000002000000000200000000000000
0012100021000000000000020000002000000000000
0002100000000000000002210020001100000000000
0020000000000000000000001200002000000000000
0000000000000000002000220100202100002200000
0000000000000000020200002000210200020000000
0000000000000001102000000200000002102000000
0000000000000022220000000000000202000000000
0000000002000021000000000000002010000000000
0000000020000002000000000002010021200000000
0022000000200000220000000000200001220000000
0000200000000000220000000000220000000000000
iteracao 4
0000000000000000000000000000000020000000000
0000000000000000000200020000002000000000000
0000000000000000000221200000000200000000000
0000000000000000022001000000000000000000000
0000000000000002120000000000000000000000000
0000000000000010000000000000000000000000000
0000000000000002000000000000000000000000000
0002210000000000000200002200200000000000000
0002002100000000000221010000222000000000000
0000002100000000000110220000000000000000000
0000000000000000000021110000000000000000000
0000000000000002200100000000000000000000000
0001002000000202200200200000000000000000000
0012220002202020200012200000000000000000000
0020021001020000000000000000000000000000000
0010102002102000000000000000000001200000000
0022120002200000000000000000000120220000000
0000020000000000000000000000000120002200000
0000000000000000000000000000000000002200000
0000000000000000000000000000000020010000000
0000000000000000000010000000000020122200000
0000000000000000001220000000000001200010000
0000000000000000002001000000001200200200000
0000022000200000000220000000012000002200000
0000220002000000002010000000002000000000000
0001000001020000002000000000000000000000000
0020210022100000000000020000000100000000000
0000210000000000000000221000002200000000000
0000000000000000000000012000000010000000000
0000000000000000000000021200200200000000000
0000000000000001120000002000221200020000000
0000000000000002200000000000000002200000000
0000000000000000020000000000000200000000000
0000000000000022000000000000002021000000000
0000000000000002000000000000020002000000000
0000000000000000000000000000200012000000000
0000000000000000000000000000000000000000000
iteracao 5
0000000000000000000000000000000000000000000
0000000000000000000000000000000000000000000
0000000000000000000002000000000000000000000
0000000000000000020012100000000000000000000
0000000000000000220000000000000000000000000
0000000000000021000000000000000000000000000
0000000000000002000000000000000000000000000
0000221000000000000000102000000000000000000
0000000210000000000002120000000000000000000
0000000210000000000220001000000000000000000
0000000000000000001002220000000000000000000
0000000000000000000211010000000000000000000
0012000000000000000010000000000000000000000
0020220002200000000022000000000000000000000
0100002002120000000000000000000000000000000
0020202000200000000000000000000012200000000
0020200002200000000000000000001200200000000
0000020000000000000000000000001200000000000
0000000000000000000000000000000000002000000
0000000000000000000000000000000000120000000
0000000000000000000120000000000021202200000
0000000000000000002001000000000002000020000
0000000000000000002002000000012200200200000
0000000000000000000201000000020000000000000
0000200002000000000020000000002000000000000
0002100002120000000000000000000000000000000
0020021020200000000000020000000200000000000
0000021000000000000000202000002010000000000
0000000000000000000000020100000020000000000
0000000000000001100000002200000000000000000
0000000000000002220000002000022200000000000
0000000000000000000000000000000000000000000
0000000000000000000000000000000000000000000
0000000000000000000000000000000022000000000
0000000000000000000000000000000010000000000
0000000000000000000000000000000022000000000
0000000000000000000000000000000000000000000
iteracao 6
0000000000000000000000000000000000000000000
0000000000000000000000000000000000000000000
0000000000000000000000000000000000000000000
0000000000000000000020200000000000000000000
0000000000000000200001000000000000000000000
0000000000000022000000000000000000000000000
0000000000000002000000000000000000000000000
0000022100000000000001210000000000000000000
0000000021000000000000200000000000000000000
0000000021000000000200012000000000000000000
0000000000000000002110001000000000000000000
0000000000000000000022120000000000000000000
0022000000000000000120100000000000000000000
0100000002200000000022000000000000000000000
0200000002220000000000000000000000000000000
0020000000200000000000000000000122000000000
0000000000000000000000000000012000000000000
0000000000000000000000000000012000000000000
0000000000000000000000000000000000000000000
0000000000000000000000000000000001220000000
0000000000000000000200000000000022000000000
0000000000000000002012000000000002000000000
0000000000000000000010100000022000000000000
0000000000000000000002000000020000000000000
0000200002000000000020000000000000000000000
0002210002220000000000000000000000000000000
0000002100200000000000000000000200000000000
0000002100000000000000002000000020000000000
0000000000000001100000000200000020000000000
0000000000000002200000002200000000000000000
0000000000000000020000000000000000000000000
0000000000000000000000000000000000000000000
0000000000000000000000000000000000000000000
0000000000000000000000000000000022000000000
0000000000000000000000000000000020000000000
0000000000000000000000000000000022000000000
0000000000000000000000000000000000000000000
iteracao 7
0000000000000000000000000000000000000000000
0000000000000000000000000000000000000000000
0000000000000000000000000000000000000000000
0000000000000000000020200000000000000000000
0000000000000000000002000000000000000000000
0000000000000000000000000000000000000000000
0000000000000000000000100000000000000000000
0000002210000000000002020000000000000000000
0000000002100000000000011000000000000000000
0000000002100000000010020000000000000000000
0000000000000000002221102000000000000000000
0000000000000000001000200000000000000000000
0020000000000000000221210000000000000000000
0200000000000000000022000000000000000000000
0200000000000000000000000000000000000000000
0000000000000000000000000000001220000000000
0000000000000000000000000000120000000000000
0000000000000000000000000000120000000000000
0000000000000000000000000000000000000000000
0000000000000000000000000000000002200000000
0000000000000000000200000000000022000000000
0000000000000000000120000000000000000000000
0000000000000000000120200000000000000000000
0000000000000000000000000000000000000000000
0000200000000000000000000000000000000000000
0000221000000000000000000000000000000000000
0000000210000000000000000000000000000000000
0000000210000001100000000000000000000000000
0000000000000002200000000000000000000000000
0000000000000000000000000000000000000000000
0000000000000000000000000000000000000000000
0000000000000000000000000000000000000000000
0000000000000000000000000000000000000000000
0000000000000000000000000000000000000000000
0000000000000000000000000000000000000000000
0000000000000000000000000000000000000000000
0000000000000000000000000000000000000000000
iteracao 8
0000000000000000000000000000000000000000000
0000000000000000000000000000000000000000000
0000000000000000000000000000000000000000000
0000000000000000000000000000000000000000000
0000000000000000000000000000000000000000000
0000000000000000000000000000000000000000000
0000000000000000000000200000000000000000000
0000000221000000000002101000000000000000000
0000000000210000000000022000000000000000000
0000000000210000000020001000000000000000000
0000000000000000002002200000000000000000000
0000000000000000002010010000000000000000000
0000000000000000000222020000000000000000000
0000000000000000000022100000000000000000000
0000000000000000000000000000000000000000000
0000000000000000000000000000012200000000000
0000000000000000000000000001200000000000000
0000000000000000000000000001200000000000000
0000000000000000000000000000000000000000000
0000000000000000000000000000000000000000000
0000000000000000000200000000000000000000000
0000000000000000001200000000000000000000000
0000000000000000001200000000000000000000000
0000000000000000000000000000000000000000000
0000000000000000000000000000000000000000000
0000022100000000000000000000000000000000000
0000000021000001100000000000000000000000000
0000000021000002200000000000000000000000000
0000000000000000000000000000000000000000000
0000000000000000000000000000000000000000000
0000000000000000000000000000000000000000000
0000000000000000000000000000000000000000000
0000000000000000000000000000000000000000000
0000000000000000000000000000000000000000000
0000000000000000000000000000000000000000000
0000000000000000000000000000000000000000000
0000000000000000000000000000000000000000000
iteracao 9
0000000000000000000000000000000000000000000
0000000000000000000000000000000000000000000
0000000000000000000000000000000000000000000
0000000000000000000000000000000000000000000
0000000000000000000000000000000000000000000
0000000000000000000000000000000000000000000
0000000000000000000000210000000000000000000
0000000022100000000002212000000000000000000
0000000000021000000000000100000000000000000
0000000000021000000000002000000000000000000
0000000000000000000002211000000000000000000
0000000000000000000020020000000000000000000
0000000000000000000220100000000000000000000
0000000000000000000002200000000000000000000
0000000000000000000000000000000000000000000
0000000000000000000000000000122000000000000
0000000000000000000000000012000000000000000
0000000000000000000000000012000000000000000
0000000000000000000000000000000000000000000
0000000000000000000000000000000000000000000
0000000000000000000200000000000000000000000
0000000000000000012000000000000000000000000
0000000000000000012000000000000000000000000
0000000000000000000000000000000000000000000
0000000000000000000000000000000000000000000
0000002210000001100000000000000000000000000
0000000002100002200000000000000000000000000
0000000002100000000000000000000000000000000
0000000000000000000000000000000000000000000
0000000000000000000000000000000000000000000
0000000000000000000000000000000000000000000
0000000000000000000000000000000000000000000
0000000000000000000000000000000000000000000
0000000000000000000000000000000000000000000
0000000000000000000000000000000000000000000
0000000000000000000000000000000000000000000
0000000000000000000000000000000000000000000
iteracao 10
0000000000000000000000000000000000000000000
0000000000000000000000000000000000000000000
0000000000000000000000000000000000000000000
0000000000000000000000000000000000000000000
0000000000000000000000000000000000000000000
0000000000000000000000000000000000000000000
0000000000000000000000021000000000000000000
0000000002210000000000020000000000000000000
0000000000002100000000001200000000000000000
0000000000002100000000010100000000000000000
0000000000000000000000222000000000000000000
0000000000000000000000101000000000000000000
0000000000000000000000200000000000000000000
0000000000000000000002200000000000000000000
0000000000000000000000000000000000000000000
0000000000000000000000000001220000000000000
0000000000000000000000000120000000000000000
0000000000000000000000000120000000000000000
0000000000000000000000000000000000000000000
0000000000000000000000000000000000000000000
0000000000000000000000000000000000000000000
0000000000000000120000000000000000000000000
0000000000000000120000000000000000000000000
0000000000000000000000000000000000000000000
0000000000000001100000000000000000000000000
0000000221000002200000000000000000000000000
0000000000210000000000000000000000000000000
0000000000210000000000000000000000000000000
0000000000000000000000000000000000000000000
0000000000000000000000000000000000000000000
0000000000000000000000000000000000000000000
0000000000000000000000000000000000000000000
0000000000000000000000000000000000000000000
0000000000000000000000000000000000000000000
0000000000000000000000000000000000000000000
0000000000000000000000000000000000000000000
0000000000000000000000000000000000000000000
iteracao 11
0000000000000000000000000000000000000000000
0000000000000000000000000000000000000000000
0000000000000000000000000000000000000000000
0000000000000000000000000000000000000000000
0000000000000000000000000000000000000000000
0000000000000000000000000000000000000000000
0000000000000000000000022000000000000000000
0000000000221000000000001100000000000000000
0000000000000210000000012000000000000000000
0000000000000210000000020200000000000000000
0000000000000000000000000100000000000000000
0000000000000000000000212000000000000000000
0000000000000000000000210000000000000000000
0000000000000000000000000000000000000000000
0000000000000000000000000000000000000000000
0000000000000000000000000012200000000000000
0000000000000000000000001200000000000000000
0000000000000000000000001200000000000000000
0000000000000000000000000000000000000000000
0000000000000000000000000000000000000000000
0000000000000000000000000000000000000000000
0000000000000001200000000000000000000000000
0000000000000001200000000000000000000000000
0000000000000000010000000000000000000000000
0000000000000002200000000000000000000000000
0000000022100000000000000000000000000000000
0000000000021000000000000000000000000000000
0000000000021000000000000000000000000000000
0000000000000000000000000000000000000000000
0000000000000000000000000000000000000000000
0000000000000000000000000000000000000000000
0000000000000000000000000000000000000000000
0000000000000000000000000000000000000000000
0000000000000000000000000000000000000000000
0000000000000000000000000000000000000000000
0000000000000000000000000000000000000000000
0000000000000000000000000000000000000000000
iteracao 12
0000000000000000000000000000000000000000000
0000000000000000000000000000000000000000000
0000000000000000000000000000000000000000000
0000000000000000000000000000000000000000000
0000000000000000000000000000000000000000000
0000000000000000000000000000000000000000000
0000000000000000000000020100000000000000000
0000000000022100000000012200000000000000000
0000000000000021000000020100000000000000000
0000000000000021000000021200000000000000000
0000000000000000000000001200000000000000000
0000000000000000000000020000000000000000000
0000000000000000000000021000000000000000000
0000000000000000000000000000000000000000000
0000000000000000000000000000000000000000000
0000000000000000000000000122000000000000000
0000000000000000000000012000000000000000000
0000000000000000000000012000000000000000000
0000000000000000000000000000000000000000000
0000000000000000000000000000000000000000000
0000000000000000000000000000000000000000000
0000000000000012000000000000000000000000000
0000000000000012000000000000000000000000000
0000000000000000120000000000000000000000000
0000000000000000200000000000000000000000000
0000000002210000000000000000000000000000000
0000000000002100000000000000000000000000000
0000000000002100000000000000000000000000000
0000000000000000000000000000000000000000000
0000000000000000000000000000000000000000000
0000000000000000000000000000000000000000000
0000000000000000000000000000000000000000000
0000000000000000000000000000000000000000000
0000000000000000000000000000000000000000000
0000000000000000000000000000000000000000000
0000000000000000000000000000000000000000000
0000000000000000000000000000000000000000000
