iteracao 0
01222110211022110200001210101010020102021
11001120022000220100110212210221222110120
10202020002002111122000210211020101000102
02011022210120100111001122001200101010021
11102111220010012000211111120222221012000
20122210201121221222021220101010110111001
02022121212222021121110110201001210002111
10002110011112210122120021222202201122101
10212211121021101101020222000102201020012
22220200212111010000002111022200020022022
10110202210111022020212020111012021201221
02111212000110021021122012102111212102002
11001010212100220012220222012010112211210
12101212121211220112011202210122011211101
12000002120002010011012101012021100210111
01222202102010212221202101221010111110002
20100222212210112022211010121001020112010
20021200122022122001022221000100112202100
00222202121111110101222211220200012100100
21200200112111101011210111020001021120102
22122210021121021011121021212101202011110
11020122021112202020011212220121210110202
02202121021200112010011121222112220102200
01100210001010202221102220110221221211211
12022221202202022222211011000100221010202
02212120111120222000111122121212001001202
20011220001002101001111120211210001222012
iteracao 1
02020220222002221200102020202121001200002
12102200000001000210211020020002000220200
20000020000000222200000021022120202000202
00022000021200200222102200002001202020002
22200222000020020001022222201020002020011
00200020012202002000002000202020220122001
00020202020000102202220220002012020000211
21000220022220020200201102220012001220202
21220022202002201202120000100200012020120
00001210020222020110100222000010001122100
20220002020211000021020000222020102012222
00212020110210022102202020200222020200010
22002020020200221020001020020020220022021
20202020202022021120022012020200022022201
20110100200000020022020202020002200020122
12020000202120020202000202002020222220000
21210200022020220000022020202001000220120
00002201200000200002000002011211220000200
00222200202222220202020022000211020210200
22000200220222202012020222021002002200102
00222021102202002022202002020202010022220
22121200002220000000022020020202020220012
00000202002000222020022202000220000200011
12200020112021012202200000220002202022022
20000002000012000020022022000201202020010
02020201222220202000221200202020002012002
00122020101002212001111200022021012022122
iteracao 2
00020000000002222001200000002202002200000
20200000000002000021022020001102000200000
21000000000000200201101022002200200000000
00000000022200000020200000000112200000010
00000000011000000002120000002020002020022
00000000022002000000000000002120000220101
00000000020000200000021020000120021100222
02100000000000000200212202220120012200000
02020122000000002010201100200011020021200
00002020000200021220210002000021102200210
00201100100022001002120000000021210020002
00222000220020020212202000000002020200021
00002000100200002000002120000000000000002
00010020000000002220022122000000000002202
21221200000000021120000202000000000000202
20000000002220000000000000000020200001110
02020000002020000000000000210102100000220
00102002200000000000000000022022000001200
00000000200000000202000000000022100221200
00000001020000000022000000022110102201200
00202022200000000022000000020200020002000
02202201100000000000000000000000020000120
01010202112000022000000000000000000000122
22000000222002122000000000000002200000100
20000000010020100000022000000002200020020
02020002002020202001002000000001002020112
00220021212000222002222000000022122020220
iteracao 3
00000000000000000012000000000000000000000
20200000000000000002002000002200000000000
22000000000000000012212000000000000000000
00000000000200000020000000000222000000020
00000000022000000002220000000000000000100
00000000000000000000010000000200001020212
00000000000000000000002000000200002200202
02200000000000000200220000001201120010000
02020220000000002120002200000122000022000
00000000000000002021020100000002212000020
00002200200000012000200000000002020000010
00020101000000020020202000000002120000022
00002000200000000000000200000000000000002
00121000000000000020000200000000000000000
22002200000000022220000200000000000001012
20000000000000001100000000001020200002220
02020000000000000000000000221202200010000
00200000000000000000000000020020110012000
00000000200000000000000000000100210002000
00000002000000000000000000002220210012000
00000000000000000000000000000011020000100
02002002200000000000000000000000000001200
02120000222000020000000000000000000000200
22100000000000200000000000000000000001210
00000000020001210000000000000002200001000
00000002010000200002000000000002100000222
00000022022000000002200000000020220000000
iteracao 4
00000000000000000022000000000000000000000
00000000000000000110002000000000000000000
00000000000000000022222000000000000000000
00000000000000000020000000000000000000020
00000000000000000000220000000000000000210
00000000000000000000020000000000002000022
00000000000000000000002000000201112000202
00000000000000000200000000002012220020000
00000000000000002200002200001200010022000
00000000000000000002000200000000222000020
00002210200000022000200000000002100000020
00000212000000020000000000000002220000022
00010110200000000000000000000000000000000
00202000000000000000000000000000000000100
02012200000000020020000000000000000002122
00000000000000002200000000012100000010020
00000000000000001100000000002002010121000
00000000000000000000000000021120221120000
00000000000000000000000000000200020110000
00000000000000000000000000002001021020000
00000000000000000000000000000022120010200
02000000000000000000000000000011000002000
00200000000000000000000000000000000011000
00210000000000000000000000000000000012020
00000000020002020000000000000002200012000
00000000020000000000000000000002200000200
00000000022000000000000000000000220000000
iteracao 5
00000000000000000102000000000000000000000
00000000000000000220000000000000000000000
00000000000000000102000000000000000000000
00000000000000000000000000000000000000020
00000000000000000000000000000000000000220
00000000000000000000000000000001012000022
00000000000000000000000000000212222000000
00000000000000000000000000002120001000000
00000000000000000000000000002000020000000
00000000000000000000000000000000002000000
00000021000000000000000000000002200000000
00001020000000000000000000000002220000000
00021221000000000000000000000000000000000
00010110000000000000000000000000000001210
00022000000000000000000000001000000000200
00000000000000000000000000020200001120120
00000000000000002200000000010010020202000
00000000000000001100000000022220202201000
00000000000000000000000000001010000220000
00000000000000000000000000000002102001000
00000000000000000000000000000000200120000
00000000000000000000000000000022100100000
00200000000000000000000000000011000122000
00220000000000000000000000000000000020000
00000000000000000000000000000000000120000
00000000000000000000000000000000000000000
00000000000000000000000000000000000000000
iteracao 6
00000000000000000200000000000000000000000
00000000000000001000000000000000000000000
00000000000000000200000000000000000000000
00000000000000000000000000000000000000000
00000000000000000000000000000000100000000
00000000000000000000000000000012122000000
00000000000000000000000000000020000000000
00000000000000000000000000002200002000000
00000000000000000000000000002000020000000
00000000000000000000000000000000000000000
00000022000000000000000000000000000000000
00012101100000000000000000000000000000000
00002002000000000000000000000000000000100
00020221000000000000000000000000000002020
00020110000000000000000000002000001111010
00000000000000000000000000001000002220220
00000000000000000000000000020020021010100
00000000000000002200000000000001000002000
00000000000000001100000000002121000001100
00000000000000000000000000000100202012000
00000000000000000000000000000001011200000
00000000000000000000000000000000200200000
00000000000000000000000000000022101200000
00000000000000000000000000000011001100000
00000000000000000000000000000000000220000
00000000000000000000000000000000000000000
00000000000000000000000000000000000000000
iteracao 7
00000000000000000200000000000000000000000
00000000000000002000000000000000000000000
00000000000000000200000000000000000000000
00000000000000000000000000000000000000000
00000000000000000000000000000000210000000
00000000000000000000000000000020200000000
00000000000000000000000000000021000000000
00000000000000000000000000000000000000000
00000000000000000000000000000000000000000
00000000000000000000000000000000000000000
00001000100000000000000000000000000000000
00020212200000000000000000000000000000000
00000000000000000000000000000000000000200
00000002000000000000000000000000001000000
00000221000000000000000000002000002222120
00000110000000000000000000002000010000000
00000000000000000000000000020020022121200
00000000000000000000000000000002100110010
00000000000000002200000000000202100012200
00000000000000001100000000001201010120100
00000000000000000000000000000012122000000
00000000000000000000000000000001000000000
00000000000000000000000000000000202000000
00000000000000000000000000000022102200000
00000000000000000000000000000011001020000
00000000000000000000000000000000000000000
00000000000000000000000000000000000000000
iteracao 8
00000000000000000000000000000000000000000
00000000000000000000000000000000000000000
00000000000000000000000000000000000000000
00000000000000000000000000000000000000000
00000000000000000000000000000000220000000
00000000000000000000000000000020000000000
00000000000000000000000000000022000000000
00000000000000000000000000000000000000000
00000000000000000000000000000000000000000
00000000000000000000000000000000000000000
00002101200000000000000000000000000000000
00020020200000000000000000000000000000000
00000000000000000000000000000000000000000
00000002000000000000000000000000002000000
00000002000000000000000000000000010202220
00000221000000000000000000000000021011100
00000110000000000000000000000000100202000
00000000000000000000000000000000211220120
00000000000000000000000000000200200020010
00000000000000002200000000002012021201200
00000000000000001100000000000120200000000
00000000000000000000000000000012100000000
00000000000000000000000000000001000000000
00000000000000000000000000000000212200000
00000000000000000000000000000022112000000
00000000000000000000000000000011000000000
00000000000000000000000000000000000000000
iteracao 9
00000000000000000000000000000000000000000
00000000000000000000000000000000000000000
00000000000000000000000000000000000000000
00000000000000000000000000000000000000000
00000000000000000000000000000000000000000
00000000000000000000000000000000000000000
00000000000000000000000000000000000000000
00000000000000000000000000000000000000000
00000000000000000000000000000000000000000
00000010000000000000000000000000000000000
00002212200000000000000000000000000000000
00000000200000000000000000000000000000000
00000000000000000000000000000000000000000
00000000000000000000000000000000002000000
00000002000000000000000000000000021010020
00000002000000000000000000000000102122200
00000221000000000000000000000000200010010
00000110000000000000000000000000022200200
00000000000000000000000000000200200121020
00000000000000000000000000002122022202000
00000000000000002200000000000200210000000
00000000000000001100000000000120200000000
00000000000000000000000000000012010000000
00000000000000000000000000000001020000000
00000000000000000000000000000000220000000
00000000000000000000000000000022010000000
00000000000000000000000000000011000000000
iteracao 10
00000000000000000000000000000000000000000
00000000000000000000000000000000000000000
00000000000000000000000000000000000000000
00000000000000000000000000000000000000000
00000000000000000000000000000000000000000
00000000000000000000000000000000000000000
00000000000000000000000000000000000000000
00000000000000000000000000000000000000000
00000000000000000000000000000000000000000
00000121000000000000000000000000000000000
00000020000000000000000000000000000000000
00000000000000000000000000000000000000000
00000000000000000000000000000000000000000
00000000000000000000000000000000002100000
00000000000000000000000000000000002020000
00000002000000000000000000000000210200200
00000002000000000000000000000000200120020
00000221000000000000000000000000002001000
00000110000000000000000000000200000202000
00000000000000000000000000002220020212000
00000000000000000000000000001010220000000
00000000000000002200000000000200011000000
00000000000000001100000000000120120000000
00000000000000000000000000000012120000000
00000000000000000000000000000000020000000
00000000000000000000000000000000120000000
00000000000000000000000000000022100000000
