iteracao 0
200021120020011002
111100221022101022
211202220120220210
211020020101022220
000121201212210001
201200020220222111
010002110121212011
102221122102122102
201001222101221221
220200222101101022
111021122121212122
200002122112101102
121210101002011021
202000122100100011
211100010011222221
201000100011121012
000212000021022002
021000002102021000
121002010222222201
120220102011110212
212211221111112202
100001122010202022
020012121000210220
002220121112221121
020100112102112010
202222102002210011
101211200011211210
111121011101021210
002201122100020111
iteracao 1
000102200000111100
222211002122202022
022000020201000020
022000020202122201
000202202020021102
212011000001000211
121000220202020022
200202200200200200
212012020202002002
000010020202202002
222022200202020200
000010200220202202
202020202000011002
000010200200201122
222201021012002002
202011210122202120
011020000102000002
002000000212022000
202102121000000012
201000200022221220
022222002212220202
210102200010000000
020020202001220000
002000202220002202
000200220200220020
210000200100020021
202022000022022020
122202022202002020
100002200200021221
iteracao 2
000200200000222200
002022002200000120
000011000212100020
000000000000200012
000210200021102200
020122000002001022
202111200002000000
001002000000000000
222120000000000000
000121000000000000
000100000000000000
000020000000210200
000101000000022000
000021200000202220
000002002022000010
210122020202002220
022101100202000000
010100011022000000
000202202100000122
002100210122022020
000020000020020200
221200000120000000
021020000012200000
000000000020000000
000000000200000020
220000000200000022
012000000020000020
200000000000002020
210000000000022222
iteracao 3
000000000000002200
000000000201000220
000022000220200100
000100000010010022
000020000022212000
001200000000112000
000222200000000000
002000000000000000
020200000000000000
000202000000000000
001200000000000000
001100000000220000
000202100000022000
000002000000000220
001012000000000020
220200120000000220
100202201200000000
020201022120000000
000010000210000220
002200220200002020
001120000100000000
002000000200000000
002100000122000000
000000000020000000
000000000000000000
220000000000000000
022000000000000000
011000000000000000
220000000000000000
iteracao 4
000000000000000000
000000000002000220
000020000201001200
000200000020120020
001120000020020000
002200000000220000
000200000000110000
000000000000000000
000000000000000000
000200000000000000
012000000000000000
012200000000000000
001002200000000000
000100000000000000
002120000000000000
200001200000000000
200000012000000000
020212020200000000
000021000020000000
000010000010000000
002220000200000000
000010001010000000
002200000220000000
000000000020000000
000000000000000000
000000000000000000
000000000000000000
022000000000000000
201000000000000000
iteracao 5
000000000000000000
000000000002000200
000000000002112200
001000000021200000
002220000000020000
000000000000000000
000000000000220000
000000000000110000
000000000000000000
000000000000000000
120000000000000000
120200000000000000
012100000000000000
000210000000000000
000200000000000000
000012000000000000
000011122000000000
000220120000000000
000102000020000000
000021000020000000
000001000011000000
000020002120000000
000200000020000000
000000000000000000
000000000000000000
000000000000000000
000000000000000000
022000000000000000
002000000000000000
