iteracao 0
2221102012122110200122002121222101110102100
1221021022202210102212111001102111122021210
2111111202022102200002122020020001012011100
0100212022022002221220121222111112220122220
2021020220222002111102000220220212202100112
2112111110211210210221022101212012222122021
2201211000110222100112220211011121101111112
2022001211112000021221002020211110121022020
2202111100122111211112222211011012222002212
2002222100122202012211000101012110121011120
2010211212000221010120012121111200100202210
2121021202022111011211120121110001211022020
2121220022222110211201012222111011100202101
2200210222220011111220002221220221111100122
0011211000121012012201011110212221010111202
1111010102111111210021020010202000022021200
0000222221022112002022120000102201120121201
2221122100122101222211020002110002001212001
1121210111010111021112002010110012212211210
0222010012020121201022001212110121021002220
1101022121010001110200001102120001220122122
2210120121101121112012012002202000202020010
2220202102220010201120201211202110220122022
0222000212202111102212210200002211100020212
0011020011110210222222220010110021212220102
1111010020000102201100211101200111102221122
1211011200111100222101120021212020112000012
1000202012110002002000120220020222011210200
2221120000020021111202000020022201201121000
2112111112200220112022202001021110010212212
0100002101102022212022001120202000120002110
0211001120212222200221111201220011020202022
0002001012111012111102000202222102001010010
2022021012212022211112220202022101121211101
0002211212010022111021122222010020221011202
2121212102011212202200221001212101221012002
1211102201000102220200001210020100012021200
2121021112020210020111200122202021120201112
0200202220121121202021121020211221000222112
0201121001220210101111201121211212100110102
1120222200101211022220112000222002211012201
0221220201022211221101102122122202202122102
2211021210020022211210110210110021121210102
0001022112121012011000222002202000001010212
1111102102122001111120021002112022101001110
0201021220002202111001012210111200210212120
0112122222221011112101100111210222211100010
0101002110200222002201110202122021220101120
iteracao 1
2202212120222220200200100202020201221210210
2002002020200020202020222102200211200102020
0222222000002210210100200120000002020122210
1200020000002002002021202202222220020200000
0002000000200100222210111001000020000200220
2220222221022020020002002202020020000200002
2002022000220020200220000022022202202222220
0020002021220100002002000100021220202000001
0002222200200222022220002022022020000010022
0000000200202000020022100202020220202122201
2121022020000002020200020202122000200010020
0202002002000222022022200202210002022002101
0202001000000210022002020200222122200000202
2000020202201022222001000002000002112200202
1022022101202020020212022220022002020222000
1112020210222222021002000010012010000002000
1000000002000220002000220000202002201202011
0002200200200202020022120000221010002020001
2202020222020222002220002020210120020022021
0000020020000202002002012020220202002000000
2202000202020002220000002210201002021222202
0020220202202202220022020000002101200100120
0221200200000020002201002022202220020220100
0200000020010222210022221000010022211020022
1022020122220020000002000020221002022020202
2221020100000202002201022202000222200022202
2022022000211110020202200102020100220110022
2000000120220110000110200020120020022021000
0002200000100022222202000020020002002202100
0220222220000020220000000112022220020020020
1200000202212002020020002201000000200000221
0022012200020020000002212012200122100000000
0010002020222120222200001202200200002020021
0000002020020120021220020000020202202022202
0012022020020120222002202222020100002022012
0202020200012020000201002012020202002020100
2022200002110200000001012021120200020102010
0202002220100021000222000202210102200012220
0200000000202202010002202000022002010000220
1012202002000020212222002202022020200220200
2200002210212022000000220001000100022020002
1002020011102022002202100200202000000200202
0222022020100000022020221020220022202020202
1001000220202120022011000100000000002020020
2221210200202112211200102100220002202002221
0002002020012000222002020020222200020020201
1220200002022122220201100222020222022200020
1102102220000000010201111000202022000101200
iteracao 2
0000220220000000000000200200000202022020220
0000000020000020200020220210000222000202101
0200000000000220221210201200000010001200220
2200000000002112000102000012200000000200000
0000000000200200000220222002000000000000000
0000000022002020000000100202000000000000000
0000000011000020000000000020022200000000020
0000000022200200000000000200022200000000002
0000000000200220000000002020022000000120000
0010000000000000000002200002020000002200002
2202000000000000000000020002202000000121001
0212002000000222000000000002021000000000212
0000002000000020000002000000220222010000212
2000021012202122000012000000000002222000000
2002002202202000020020000220022000100000000
1222000021200000022102000020022020000000011
1010000002000000002000220000210010002200011
0000000000000000000002220000202020002000002
0000000000000000000000112000220200000000002
0000000000000000000000022020200000002000000
0000000000000000000000002220002112022022200
0020200000000000000022000000000212201201200
0022200000000000002002002000200200100021210
0200000020020000220022222000021000222000020
2022001200220000000002000000202000000000000
2222001210010012000002002200001020000102000
0022000110222221000000200202020200000221000
0000000220000221000220000020220020002102100
0000000000200102002012000101020000000000200
0200000000110000000000000220000000000000000
2200000000222000000000000002000000200000022
0122022000021020000000220120200222200000011
0020002000000200022200012002000200000000022
0111000000000200022200020000000200000000210
0022000000020200022002200222000200000002122
0202000000020020000012002020120200002020201
0000000000221000000012022002201200000210120
0000000001200022100022100000021200201122220
0000000000200002021000000000020000020000000
2122000002000000020000000002002020200000000
0000000020022000000000220002000200000000000
2000000122202000000002210200202000000000000
1022000000210000000000002120000000000000000
2012000000200200000122110210000000000000020
2202020000200222222010200210000000000000002
0002102000020000200000000020000000000000012
2020200000020220220012201200000000002210020
2202200000000000020011112000000000000212200
iteracao 3
0000000000000000000000000200000000000000200
0000000000000000000120020020000222000202212
0000000000000000022020002011000020002200200
0000000000002222001212000122000000000200000
0000000000000010000220220002000000000000000
0000000000000000000000200000000000000000000
0000000022000000000000000000000000000000000
0000000000200000000000000000000000000000000
0000000000000000000000000000000000000220000
0020000000000000000000000000000000000000002
0010000000000000000000000000002000000202112
0222000000000000000000000000022000001010020
0000002100000020000002000000020200020000020
0000022122002220000022000000000002002000000
2000002010202000000100000000000000200000011
2022000022200000002200000000022021000000111
2020000002000000002000000000220020000000122
0100000000000000000002000000202020000000010
0000000000000000000000222000000000000000000
0000000000000000000000102000000110000000000
0000000000000000000000000000002220022022200
0000000000000000000000000000000020212212000
0000000000000000000000000000000001210002020
0000000000000000000000000000022000220000120
0000012000220000000000000000010100000000000
0000012021020020000000000000002000000212000
0000001221222202100000000000020200001002100
0000000000000202100220000000200000002210200
0000000000011212000022000212000000000000200
0000000000221000000000000200000000000000000
2200000000000000000000000000000000000000000
0220000000022000000000221220000000000000022
1001000000000200000000020000000000000000100
0222000000000000000000020000000000000000020
0100000000000000000002000002000000000002200
0000000000020000000120000000200200000020002
0000000000222000000120020002202000001021200
0000000002200002210120200000002000002200220
0000000000200002002000000000020000021100000
2220000000000000020000000000000000000000000
0000000020000000000000220000000000000000000
2000000220202000000000221200000000000000000
2122000000220000000000000200000000000000000
2122000000200000000200221021000000000000000
0200020000000000002121010021000000000000002
0002200000000000000111000120000000000000022
0000200000000000000120002200000000000021020
0000000000000000000122220000000000000020000
iteracao 4
0000000000000000000000000000000000000000200
0000000000000000000220000001000000000000222
0000000000000000020000002122000000000000200
0000000000000222002022000200000000000000000
0000000000000020000020000000000000000000000
0000000000000000000000000000000000000000000
0000000000000000000000000000000000000000000
0000000000000000000000000000000000000000000
0000000000000000000000000000000000000000000
0020000000000000000000000000000000000000112
0020000000000000000000000000000000000000222
0222000000000000000000000000000000002121100
0000000210000000000000000000000000020100000
0000000202000000000020000000000000000000011
0000002120000000000200000000000000200000011
0000000022000000002200000000000022000001222
2020000000000000000000000000000020000001200
0200000000000000000000000000000000000000120
0000000000000000000000220000000110000000000
0000000000000000000000200000000220000000000
0000000000000000000000000000002000022022000
0000000000000000000000000000000020020222000
0000000000000000000000000000000002021000020
0000000000000000000000000000020010020000220
0000120000200000000000000000021200000001000
0000120002100000000000000000000000000020000
0000012202000000210000000000000000002010200
0000000000111000210000000000000000002021200
0000000000022020000000000222000000000000000
0000000000202000000000000200000000000000000
0000000000000000000000000000000000000000000
0220000000000000000000022200000000000000020
2002000000000000000000020000000000000000200
1002000000000000000000000000000000000000020
0200000000000000000000000000000000000000000
0000000000000000001200000000000000000020000
0000000000000000000200000000000000002022200
0000000000000000220200000000000000010010200
0000000000000000000000000000000000022200000
0000000000000000000000000000000000001100000
0000000000000000000000020000000000000000000
2000000000000000000000022200000000000000000
0200000000000000000000011000000000000000000
0200000000000000000210002002100000000000000
0200000000000000000202020102100000000000000
0000000000000000000222001200000000000000000
0000000000000000000201002200000000000022000
0000000000000000001200000000000000000020000
iteracao 5
0000000000000000000000000000000000000000000
0000000000000000000000000012000000000000000
0000000000000000000000002202000000000000000
0000000000000000000000000200000000000000000
0000000000000000000000000000000000000000000
0000000000000000000000000000000000000000000
0000000000000000000000000000000000000000000
0000000000000000000000000000000000000000000
0000000000000000000000000000000000000000110
0000000000000000000000000000000000000000222
0000000000000000000000000000000000000010002
0000000000000000000000000000000000000202200
0000000220000000000000000000000000001201001
0000000012000000000000000000000000000000111
0000002220000000000000000000000000000000022
0000000020000000000000000000000000000012000
0000000000000000000000000000000000000012000
0000000000000000000000000000000110000001220
0000000000000000000000000000000220000000000
0000000000000000000000000000000000000000000
0000000000000000000000000000000000000000000
0000000000000000000000000000000000020200000
0000000000000000000000000000000002022000000
0000000000000000000000000000020120020000200
0001200000200000000000000000022000000002000
0001200002200000000000000000000000000001000
0000122000001000021000000000000000000021200
0000000000222000021000000000000000000002200
0000000000100000000000000000000000000000000
0000000000000000000000000000000000000000000
0000000000000000000000000000000000000000000
0000000000000000000000000000000000000000000
2000000000000000000000000000000000000000000
2000000000000000000000000000000000000000000
0200000000000000000000000000000000000000000
0000000000000000002200000000000000000000000
0000000000000000000200000000000000002022000
0000000000000000000000000000000000020020000
0000000000000000000000000000000000000010000
0000000000000000000000000000000000002200000
0000000000000000000000000000000000001100000
0000000000000000000000000200000000000000000
0000000000000000000000022000000000000000000
0000000000000000000220010100210000000000000
0000000000000000000202021200210000000000000
0000000000000000000022002000000000000000000
0000000000000000000202002200000000000000000
0000000000000000002200000000000000000000000
iteracao 6
0000000000000000000000000000000000000000000
0000000000000000000000000022000000000000000
0000000000000000000000000202000000000000000
0000000000000000000000000000000000000000000
0000000000000000000000000000000000000000000
0000000000000000000000000000000000000000000
0000000000000000000000000000000000000000000
0000000000000000000000000000000000000000110
0000000000000000000000000000000000000000220
0000000000000000000000000000000000000001002
0000000000000000000000000000000000000020000
0000000000000000000000000000000000000010200
0000000220000000000000000000000000002202001
0000000022000000000000000000000000000001222
0000000220000000000000000000000000000001100
0000000000000000000000000000000000000120000
0000000000000000000000000000000110000120000
0000000000000000000000000000000220000012200
0000000000000000000000000000000000000000000
0000000000000000000000000000000000000000000
0000000000000000000000000000000000000000000
0000000000000000000000000000000000000000000
0000000000000000000000000000000000000000000
0000000000000000000000000000000220000000000
0012000000000000000000000000002000000002000
0012000000000000000000000000000000000012100
0001220000002000002100000000000000000002000
0000000000202000002100000000000000000002200
0000000000200000000000000000000000000000000
0000000000000000000000000000000000000000000
0000000000000000000000000000000000000000000
0000000000000000000000000000000000000000000
0000000000000000000000000000000000000000000
0000000000000000000000000000000000000000000
0000000000000000000000000000000000000000000
0000000000000000000000000000000000000000000
0000000000000000000000000000000000000000000
0000000000000000000000000000000000000020000
0000000000000000000000000000000000000020000
0000000000000000000000000000000000000010000
0000000000000000000000000000000000002200000
0000000000000000000000000000000000001100000
0000000000000000000000020000000000000000000
0000000000000000000000020200021000000000000
0000000000000000000000002000021000000000000
0000000000000000000000002000000000000000000
0000000000000000000000000000000000000000000
0000000000000000000000000000000000000000000
iteracao 7
0000000000000000000000000000000000000000000
0000000000000000000000000000000000000000000
0000000000000000000000000000000000000000000
0000000000000000000000000000000000000000000
0000000000000000000000000000000000000000000
0000000000000000000000000000000000000000000
0000000000000000000000000000000000000000110
0000000000000000000000000000000000000000220
0000000000000000000000000000000000000001000
0000000000000000000000000000000000000002000
0000000000000000000000000000000000000001000
0000000000000000000000000000000000000020000
0000000000000000000000000000000000000210002
0000000000000000000000000000000000000012002
0000000000000000000000000000000000000002200
0000000000000000000000000000000110001201100
0000000000000000000000000000000220001200000
0000000000000000000000000000000000000122000
0000000000000000000000000000000000000000000
0000000000000000000000000000000000000000000
0000000000000000000000000000000000000000000
0000000000000000000000000000000000000000000
0000000000000000000000000000000000000000000
0000000000000000000000000000000000000000000
0120000000000000000000000000000000000000000
0120000000000000000000000000000000000020200
0012200000000000000210000000000000000000000
0000000000000000000210000000000000000000000
0000000000000000000000000000000000000000000
0000000000000000000000000000000000000000000
0000000000000000000000000000000000000000000
0000000000000000000000000000000000000000000
0000000000000000000000000000000000000000000
0000000000000000000000000000000000000000000
0000000000000000000000000000000000000000000
0000000000000000000000000000000000000000000
0000000000000000000000000000000000000000000
0000000000000000000000000000000000000000000
0000000000000000000000000000000000000020000
0000000000000000000000000000000000000020000
0000000000000000000000000000000000000010000
0000000000000000000000000000000000002200000
0000000000000000000000000000000000001100000
0000000000000000000000000000002100000000000
0000000000000000000000000000002100000000000
0000000000000000000000000000000000000000000
0000000000000000000000000000000000000000000
0000000000000000000000000000000000000000000
iteracao 8
0000000000000000000000000000000000000000000
0000000000000000000000000000000000000000000
0000000000000000000000000000000000000000000
0000000000000000000000000000000000000000000
0000000000000000000000000000000000000000000
0000000000000000000000000000000000000000110
0000000000000000000000000000000000000000220
0000000000000000000000000000000000000001000
0000000000000000000000000000000000000002000
0000000000000000000000000000000000000010100
0000000000000000000000000000000000000002000
0000000000000000000000000000000000000001000
0000000000000000000000000000000000000021000
0000000000000000000000000000000000000120000
0000000000000000000000000000000110000110000
0000000000000000000000000000000220012002200
0000000000000000000000000000000000012011100
0000000000000000000000000000000000001220000
0000000000000000000000000000000000000000000
0000000000000000000000000000000000000000000
0000000000000000000000000000000000000000000
0000000000000000000000000000000000000000000
0000000000000000000000000000000000000000000
0000000000000000000000000000000000000000000
1200000000000000000000000000000000000000000
1200000000000000000000000000000000000000000
0122000000000000000021000000000000000000000
0000000000000000000021000000000000000000000
0000000000000000000000000000000000000000000
0000000000000000000000000000000000000000000
0000000000000000000000000000000000000000000
0000000000000000000000000000000000000000000
0000000000000000000000000000000000000000000
0000000000000000000000000000000000000000000
0000000000000000000000000000000000000000000
0000000000000000000000000000000000000000000
0000000000000000000000000000000000000000000
0000000000000000000000000000000000000000000
0000000000000000000000000000000000000000000
0000000000000000000000000000000000000020000
0000000000000000000000000000000000000020000
0000000000000000000000000000000000000010000
0000000000000000000000000000000000002200000
0000000000000000000000000000000210001100000
0000000000000000000000000000000210000000000
0000000000000000000000000000000000000000000
0000000000000000000000000000000000000000000
0000000000000000000000000000000000000000000
iteracao 9
0000000000000000000000000000000000000000000
0000000000000000000000000000000000000000000
0000000000000000000000000000000000000000000
0000000000000000000000000000000000000000000
0000000000000000000000000000000000000000110
0000000000000000000000000000000000000000220
0000000000000000000000000000000000000001000
0000000000000000000000000000000000000002000
0000000000000000000000000000000000000010100
0000000000000000000000000000000000000021200
0000000000000000000000000000000000000010100
0000000000000000000000000000000000000012100
0000000000000000000000000000000000000002100
0000000000000000000000000000000110001201000
0000000000000000000000000000000220000220000
0000000000000000000000000000000000120000000
0000000000000000000000000000000000120122200
0000000000000000000000000000000000012000100
0000000000000000000000000000000000000000000
0000000000000000000000000000000000000000000
0000000000000000000000000000000000000000000
0000000000000000000000000000000000000000000
0000000000000000000000000000000000000000000
0000000000000000000000000000000000000000000
2000000000000000000000000000000000000000000
2000000000000000000000000000000000000000000
1220000000000000000002100000000000000000000
0000000000000000000002100000000000000000000
0000000000000000000000000000000000000000000
0000000000000000000000000000000000000000000
0000000000000000000000000000000000000000000
0000000000000000000000000000000000000000000
0000000000000000000000000000000000000000000
0000000000000000000000000000000000000000000
0000000000000000000000000000000000000000000
0000000000000000000000000000000000000000000
0000000000000000000000000000000000000000000
0000000000000000000000000000000000000000000
0000000000000000000000000000000000000000000
0000000000000000000000000000000000000000000
0000000000000000000000000000000000000020000
0000000000000000000000000000000000000020000
0000000000000000000000000000000000000010000
0000000000000000000000000000000021002200000
0000000000000000000000000000000021001100000
0000000000000000000000000000000000000000000
0000000000000000000000000000000000000000000
0000000000000000000000000000000000000000000
iteracao 10
0000000000000000000000000000000000000000000
0000000000000000000000000000000000000000000
0000000000000000000000000000000000000000000
0000000000000000000000000000000000000000110
0000000000000000000000000000000000000000220
0000000000000000000000000000000000000001000
0000000000000000000000000000000000000002000
0000000000000000000000000000000000000010100
0000000000000000000000000000000000000020200
0000000000000000000000000000000000000102010
0000000000000000000000000000000000000120210
0000000000000000000000000000000000000120200
0000000000000000000000000000000110000110210
0000000000000000000000000000000220002202100
0000000000000000000000000000000001010220000
0000000000000000000000000000000001200000000
0000000000000000000000000000000001201222200
0000000000000000000000000000000000120000200
0000000000000000000000000000000000000000000
0000000000000000000000000000000000000000000
0000000000000000000000000000000000000000000
0000000000000000000000000000000000000000000
0000000000000000000000000000000000000000000
0000000000000000000000000000000000000000000
0000000000000000000000000000000000000000000
2000000000000000000000000000000000000000000
2200000000000000000000210000000000000000000
0000000000000000000000210000000000000000000
0000000000000000000000000000000000000000000
0000000000000000000000000000000000000000000
0000000000000000000000000000000000000000000
0000000000000000000000000000000000000000000
0000000000000000000000000000000000000000000
0000000000000000000000000000000000000000000
0000000000000000000000000000000000000000000
0000000000000000000000000000000000000000000
0000000000000000000000000000000000000000000
0000000000000000000000000000000000000000000
0000000000000000000000000000000000000000000
0000000000000000000000000000000000000000000
0000000000000000000000000000000000000000000
0000000000000000000000000000000000000020000
0000000000000000000000000000000000000020000
0000000000000000000000000000000002100010000
0000000000000000000000000000000002102200000
0000000000000000000000000000000000001100000
0000000000000000000000000000000000000000000
0000000000000000000000000000000000000000000
iteracao 11
0000000000000000000000000000000000000000000
0000000000000000000000000000000000000000000
0000000000000000000000000000000000000000110
0000000000000000000000000000000000000000220
0000000000000000000000000000000000000001000
0000000000000000000000000000000000000002000
0000000000000000000000000000000000000010100
0000000000000000000000000000000000000021200
0000000000000000000000000000000000000101010
0000000000000000000000000000000000001210121
0000000000000000000000000000000000000200021
0000000000000000000000000000000110000200011
0000000000000000000000000000000220001221020
0000000000000000000000000000000001100010210
0000000000000000000000000000000012020000000
0000000000000000000000000000000002011000000
0000000000000000000000000000000012012200000
0000000000000000000000000000000001200000000
0000000000000000000000000000000000000000000
0000000000000000000000000000000000000000000
0000000000000000000000000000000000000000000
0000000000000000000000000000000000000000000
0000000000000000000000000000000000000000000
0000000000000000000000000000000000000000000
0000000000000000000000000000000000000000000
0000000000000000000000000000000000000000000
0000000000000000000000021000000000000000000
0000000000000000000000021000000000000000000
0000000000000000000000000000000000000000000
0000000000000000000000000000000000000000000
0000000000000000000000000000000000000000000
0000000000000000000000000000000000000000000
0000000000000000000000000000000000000000000
0000000000000000000000000000000000000000000
0000000000000000000000000000000000000000000
0000000000000000000000000000000000000000000
0000000000000000000000000000000000000000000
0000000000000000000000000000000000000000000
0000000000000000000000000000000000000000000
0000000000000000000000000000000000000000000
0000000000000000000000000000000000000000000
0000000000000000000000000000000000000000000
0000000000000000000000000000000000000020000
0000000000000000000000000000000000210020000
0000000000000000000000000000000000200010000
0000000000000000000000000000000000012200000
0000000000000000000000000000000000001100000
0000000000000000000000000000000000000000000
iteracao 12
0000000000000000000000000000000000000000000
0000000000000000000000000000000000000000110
0000000000000000000000000000000000000000220
0000000000000000000000000000000000000001000
0000000000000000000000000000000000000002000
0000000000000000000000000000000000000010100
0000000000000000000000000000000000000020200
0000000000000000000000000000000000000102010
0000000000000000000000000000000000001202021
0000000000000000000000000000000000002020202
0000000000000000000000000000000110000001102
0000000000000000000000000000000220000200122
0000000000000000000000000000000000112002000
0000000000000000000000000000000012210121020
0000000000000000000000000000000020001100000
0000000000000000000000000000000110122000000
0000000000000000000000000000000020020200000
0000000000000000000000000000000012000000000
0000000000000000000000000000000000000000000
0000000000000000000000000000000000000000000
0000000000000000000000000000000000000000000
0000000000000000000000000000000000000000000
0000000000000000000000000000000000000000000
0000000000000000000000000000000000000000000
0000000000000000000000000000000000000000000
0000000000000000000000000000000000000000000
0000000000000000000000002100000000000000000
0000000000000000000000002100000000000000000
0000000000000000000000000000000000000000000
0000000000000000000000000000000000000000000
0000000000000000000000000000000000000000000
0000000000000000000000000000000000000000000
0000000000000000000000000000000000000000000
0000000000000000000000000000000000000000000
0000000000000000000000000000000000000000000
0000000000000000000000000000000000000000000
0000000000000000000000000000000000000000000
0000000000000000000000000000000000000000000
0000000000000000000000000000000000000000000
0000000000000000000000000000000000000000000
0000000000000000000000000000000000000000000
0000000000000000000000000000000000000000000
0000000000000000000000000000000000000000000
0000000000000000000000000000000000220020000
0000000000000000000000000000000000011020000
0000000000000000000000000000000000020010000
0000000000000000000000000000000000012200000
0000000000000000000000000000000000001100000
iteracao 13
0000000000000000000000000000000000000000110
0000000000000000000000000000000000000000220
0000000000000000000000000000000000000001000
0000000000000000000000000000000000000002000
0000000000000000000000000000000000000010100
0000000000000000000000000000000000000021200
0000000000000000000000000000000000000101010
0000000000000000000000000000000000001200021
0000000000000000000000000000000000002000002
0000000000000000000000000000000110002021012
0000000000000000000000000000000220000002210
0000000000000000000000000000000001110000200
0000000000000000000000000000000001220010100
0000000000000000000000000000000020020202000
0000000000000000000000000000000000102200000
0000000000000000000000000000000221200100000
0000000000000000000000000000000000020000000
0000000000000000000000000000000022000000000
0000000000000000000000000000000000000000000
0000000000000000000000000000000000000000000
0000000000000000000000000000000000000000000
0000000000000000000000000000000000000000000
0000000000000000000000000000000000000000000
0000000000000000000000000000000000000000000
0000000000000000000000000000000000000000000
0000000000000000000000000000000000000000000
0000000000000000000000000210000000000000000
0000000000000000000000000210000000000000000
0000000000000000000000000000000000000000000
0000000000000000000000000000000000000000000
0000000000000000000000000000000000000000000
0000000000000000000000000000000000000000000
0000000000000000000000000000000000000000000
0000000000000000000000000000000000000000000
0000000000000000000000000000000000000000000
0000000000000000000000000000000000000000000
0000000000000000000000000000000000000000000
0000000000000000000000000000000000000000000
0000000000000000000000000000000000000000000
0000000000000000000000000000000000000000000
0000000000000000000000000000000000000000000
0000000000000000000000000000000000000000000
0000000000000000000000000000000000000000000
0000000000000000000000000000000000201000000
0000000000000000000000000000000000022120000
0000000000000000000000000000000000100120000
0000000000000000000000000000000000020010000
0000000000000000000000000000000000012200000
iteracao 14
0000000000000000000000000000000000000000220
0000000000000000000000000000000000000001000
0000000000000000000000000000000000000002000
0000000000000000000000000000000000000010100
0000000000000000000000000000000000000020200
0000000000000000000000000000000000000102010
0000000000000000000000000000000000001202021
0000000000000000000000000000000000002010102
0000000000000000000000000000000110002000110
0000000000000000000000000000000220000022020
0000000000000000000000000000000000010002021
0000000000000000000000000000000012220001010
0000000000000000000000000000000012000021200
0000000000000000000000000000000021120200000
0000000000000000000000000000000001202200000
0000000000000000000000000000000022000200000
0000000000000000000000000000000000000000000
0000000000000000000000000000000000000000000
0000000000000000000000000000000000000000000
0000000000000000000000000000000000000000000
0000000000000000000000000000000000000000000
0000000000000000000000000000000000000000000
0000000000000000000000000000000000000000000
0000000000000000000000000000000000000000000
0000000000000000000000000000000000000000000
0000000000000000000000000000000000000000000
0000000000000000000000000021000000000000000
0000000000000000000000000021000000000000000
0000000000000000000000000000000000000000000
0000000000000000000000000000000000000000000
0000000000000000000000000000000000000000000
0000000000000000000000000000000000000000000
0000000000000000000000000000000000000000000
0000000000000000000000000000000000000000000
0000000000000000000000000000000000000000000
0000000000000000000000000000000000000000000
0000000000000000000000000000000000000000000
0000000000000000000000000000000000000000000
0000000000000000000000000000000000000000000
0000000000000000000000000000000000000000000
0000000000000000000000000000000000000000000
0000000000000000000000000000000000000000000
0000000000000000000000000000000000000000000
0000000000000000000000000000000000002100000
0000000000000000000000000000000000000200000
0000000000000000000000000000000000201200000
0000000000000000000000000000000000101120000
0000000000000000000000000000000000022200000
iteracao 15
0000000000000000000000000000000000000000200
0000000000000000000000000000000000000002000
0000000000000000000000000000000000000010100
0000000000000000000000000000000000000021200
0000000000000000000000000000000000000101010
0000000000000000000000000000000000001200021
0000000000000000000000000000000000002010102
0000000000000000000000000000000110002120200
0000000000000000000000000000000220000000220
0000000000000000000000000000000000000002101
0000000000000000000000000000000000020002102
0000000000000000000000000000000120220012021
0000000000000000000000000000000120100002000
0000000000000000000000000000000002220000000
0000000000000000000000000000000012000000000
0000000000000000000000000000000022000000000
0000000000000000000000000000000000000000000
0000000000000000000000000000000000000000000
0000000000000000000000000000000000000000000
0000000000000000000000000000000000000000000
0000000000000000000000000000000000000000000
0000000000000000000000000000000000000000000
0000000000000000000000000000000000000000000
0000000000000000000000000000000000000000000
0000000000000000000000000000000000000000000
0000000000000000000000000000000000000000000
0000000000000000000000000002100000000000000
0000000000000000000000000002100000000000000
0000000000000000000000000000000000000000000
0000000000000000000000000000000000000000000
0000000000000000000000000000000000000000000
0000000000000000000000000000000000000000000
0000000000000000000000000000000000000000000
0000000000000000000000000000000000000000000
0000000000000000000000000000000000000000000
0000000000000000000000000000000000000000000
0000000000000000000000000000000000000000000
0000000000000000000000000000000000000000000
0000000000000000000000000000000000000000000
0000000000000000000000000000000000000000000
0000000000000000000000000000000000000000000
0000000000000000000000000000000000000000000
0000000000000000000000000000000000000000000
0000000000000000000000000000000000002200000
0000000000000000000000000000000000001000000
0000000000000000000000000000000000202000000
0000000000000000000000000000000000202220000
0000000000000000000000000000000000000000000
iteracao 16
0000000000000000000000000000000000000000000
0000000000000000000000000000000000000000000
0000000000000000000000000000000000000020200
0000000000000000000000000000000000000102010
0000000000000000000000000000000000001202021
0000000000000000000000000000000000002000002
0000000000000000000000000000000110000021212
0000000000000000000000000000000220002201200
0000000000000000000000000000000000000000200
0000000000000000000000000000000000000000202
0000000000000000000000000000000000000000200
0000000000000000000000000000001200220020002
0000000000000000000000000000001200200002000
0000000000000000000000000000000110220000000
0000000000000000000000000000000022000000000
0000000000000000000000000000000022000000000
0000000000000000000000000000000000000000000
0000000000000000000000000000000000000000000
0000000000000000000000000000000000000000000
0000000000000000000000000000000000000000000
0000000000000000000000000000000000000000000
0000000000000000000000000000000000000000000
0000000000000000000000000000000000000000000
0000000000000000000000000000000000000000000
0000000000000000000000000000000000000000000
0000000000000000000000000000000000000000000
0000000000000000000000000000210000000000000
0000000000000000000000000000210000000000000
0000000000000000000000000000000000000000000
0000000000000000000000000000000000000000000
0000000000000000000000000000000000000000000
0000000000000000000000000000000000000000000
0000000000000000000000000000000000000000000
0000000000000000000000000000000000000000000
0000000000000000000000000000000000000000000
0000000000000000000000000000000000000000000
0000000000000000000000000000000000000000000
0000000000000000000000000000000000000000000
0000000000000000000000000000000000000000000
0000000000000000000000000000000000000000000
0000000000000000000000000000000000000000000
0000000000000000000000000000000000000000000
0000000000000000000000000000000000000000000
0000000000000000000000000000000000002200000
0000000000000000000000000000000000002000000
0000000000000000000000000000000000002000000
0000000000000000000000000000000000000000000
0000000000000000000000000000000000000000000
